[2024-01-29T00:34:41.925+0530] {taskinstance.py:1956} INFO - Dependencies all met for dep_context=non-requeueable deps ti=<TaskInstance: dag_with_cron_v0.task1 scheduled__2024-01-27T00:00:00+00:00 [queued]>
[2024-01-29T00:34:41.937+0530] {taskinstance.py:1956} INFO - Dependencies all met for dep_context=requeueable deps ti=<TaskInstance: dag_with_cron_v0.task1 scheduled__2024-01-27T00:00:00+00:00 [queued]>
[2024-01-29T00:34:41.937+0530] {taskinstance.py:2170} INFO - Starting attempt 1 of 6
[2024-01-29T00:34:41.970+0530] {taskinstance.py:2191} INFO - Executing <Task(BashOperator): task1> on 2024-01-27 00:00:00+00:00
[2024-01-29T00:34:41.978+0530] {standard_task_runner.py:60} INFO - Started process 4267 to run task
[2024-01-29T00:34:41.979+0530] {standard_task_runner.py:87} INFO - Running: ['airflow', 'tasks', 'run', 'dag_with_cron_v0', 'task1', 'scheduled__2024-01-27T00:00:00+00:00', '--job-id', '330', '--raw', '--subdir', 'DAGS_FOLDER/5-create-dag-with-cron-exp.py', '--cfg-path', '/tmp/tmpbvh78qf6']
[2024-01-29T00:34:41.980+0530] {standard_task_runner.py:88} INFO - Job 330: Subtask task1
[2024-01-29T00:34:42.046+0530] {task_command.py:423} INFO - Running <TaskInstance: dag_with_cron_v0.task1 scheduled__2024-01-27T00:00:00+00:00 [running]> on host mh1.myguest.virtualbox.org
[2024-01-29T00:34:42.153+0530] {taskinstance.py:2480} INFO - Exporting env vars: AIRFLOW_CTX_DAG_OWNER='hdu' AIRFLOW_CTX_DAG_ID='dag_with_cron_v0' AIRFLOW_CTX_TASK_ID='task1' AIRFLOW_CTX_EXECUTION_DATE='2024-01-27T00:00:00+00:00' AIRFLOW_CTX_TRY_NUMBER='1' AIRFLOW_CTX_DAG_RUN_ID='scheduled__2024-01-27T00:00:00+00:00'
[2024-01-29T00:34:42.154+0530] {subprocess.py:63} INFO - Tmp dir root location: /tmp
[2024-01-29T00:34:42.155+0530] {subprocess.py:75} INFO - Running command: ['/usr/bin/bash', '-c', 'echo testing cron expression']
[2024-01-29T00:34:42.165+0530] {subprocess.py:86} INFO - Output:
[2024-01-29T00:34:42.166+0530] {subprocess.py:93} INFO - testing cron expression
[2024-01-29T00:34:42.167+0530] {subprocess.py:97} INFO - Command exited with return code 0
[2024-01-29T00:34:42.207+0530] {taskinstance.py:1138} INFO - Marking task as SUCCESS. dag_id=dag_with_cron_v0, task_id=task1, execution_date=20240127T000000, start_date=20240128T190441, end_date=20240128T190442
[2024-01-29T00:34:42.244+0530] {local_task_job_runner.py:234} INFO - Task exited with return code 0
[2024-01-29T00:34:42.269+0530] {taskinstance.py:3280} INFO - 0 downstream tasks scheduled from follow-on schedule check
[2024-01-29T00:43:10.493+0530] {taskinstance.py:1956} INFO - Dependencies all met for dep_context=non-requeueable deps ti=<TaskInstance: dag_with_cron_v0.task1 scheduled__2024-01-27T00:00:00+00:00 [queued]>
[2024-01-29T00:43:10.505+0530] {taskinstance.py:1956} INFO - Dependencies all met for dep_context=requeueable deps ti=<TaskInstance: dag_with_cron_v0.task1 scheduled__2024-01-27T00:00:00+00:00 [queued]>
[2024-01-29T00:43:10.505+0530] {taskinstance.py:2170} INFO - Starting attempt 1 of 6
[2024-01-29T00:43:10.533+0530] {taskinstance.py:2191} INFO - Executing <Task(BashOperator): task1> on 2024-01-27 00:00:00+00:00
[2024-01-29T00:43:10.537+0530] {standard_task_runner.py:60} INFO - Started process 4470 to run task
[2024-01-29T00:43:10.540+0530] {standard_task_runner.py:87} INFO - Running: ['airflow', 'tasks', 'run', 'dag_with_cron_v0', 'task1', 'scheduled__2024-01-27T00:00:00+00:00', '--job-id', '333', '--raw', '--subdir', 'DAGS_FOLDER/5-create-dag-with-cron-exp.py', '--cfg-path', '/tmp/tmp35gmlci8']
[2024-01-29T00:43:10.542+0530] {standard_task_runner.py:88} INFO - Job 333: Subtask task1
[2024-01-29T00:43:10.588+0530] {task_command.py:423} INFO - Running <TaskInstance: dag_with_cron_v0.task1 scheduled__2024-01-27T00:00:00+00:00 [running]> on host mh1.myguest.virtualbox.org
[2024-01-29T00:43:10.677+0530] {taskinstance.py:2480} INFO - Exporting env vars: AIRFLOW_CTX_DAG_OWNER='hdu' AIRFLOW_CTX_DAG_ID='dag_with_cron_v0' AIRFLOW_CTX_TASK_ID='task1' AIRFLOW_CTX_EXECUTION_DATE='2024-01-27T00:00:00+00:00' AIRFLOW_CTX_TRY_NUMBER='1' AIRFLOW_CTX_DAG_RUN_ID='scheduled__2024-01-27T00:00:00+00:00'
[2024-01-29T00:43:10.678+0530] {subprocess.py:63} INFO - Tmp dir root location: /tmp
[2024-01-29T00:43:10.679+0530] {subprocess.py:75} INFO - Running command: ['/usr/bin/bash', '-c', 'echo testing cron expression']
[2024-01-29T00:43:10.686+0530] {subprocess.py:86} INFO - Output:
[2024-01-29T00:43:10.687+0530] {subprocess.py:93} INFO - testing cron expression
[2024-01-29T00:43:10.688+0530] {subprocess.py:97} INFO - Command exited with return code 0
[2024-01-29T00:43:10.711+0530] {taskinstance.py:1138} INFO - Marking task as SUCCESS. dag_id=dag_with_cron_v0, task_id=task1, execution_date=20240127T000000, start_date=20240128T191310, end_date=20240128T191310
[2024-01-29T00:43:10.756+0530] {local_task_job_runner.py:234} INFO - Task exited with return code 0
[2024-01-29T00:43:10.789+0530] {taskinstance.py:3280} INFO - 0 downstream tasks scheduled from follow-on schedule check
