[2024-01-29T02:31:13.708+0530] {taskinstance.py:1956} INFO - Dependencies all met for dep_context=non-requeueable deps ti=<TaskInstance: dag_exec_scripts_demo.load_data_task manual__2024-01-28T21:00:59.874116+00:00 [queued]>
[2024-01-29T02:31:13.720+0530] {taskinstance.py:1956} INFO - Dependencies all met for dep_context=requeueable deps ti=<TaskInstance: dag_exec_scripts_demo.load_data_task manual__2024-01-28T21:00:59.874116+00:00 [queued]>
[2024-01-29T02:31:13.720+0530] {taskinstance.py:2170} INFO - Starting attempt 1 of 1
[2024-01-29T02:31:13.756+0530] {taskinstance.py:2191} INFO - Executing <Task(MySqlOperator): load_data_task> on 2024-01-28 21:00:59.874116+00:00
[2024-01-29T02:31:13.762+0530] {standard_task_runner.py:60} INFO - Started process 10811 to run task
[2024-01-29T02:31:13.772+0530] {standard_task_runner.py:87} INFO - Running: ['airflow', 'tasks', 'run', 'dag_exec_scripts_demo', 'load_data_task', 'manual__2024-01-28T21:00:59.874116+00:00', '--job-id', '342', '--raw', '--subdir', 'DAGS_FOLDER/6-create-dag-execute-scripts.py', '--cfg-path', '/tmp/tmp48fd8ery']
[2024-01-29T02:31:13.774+0530] {standard_task_runner.py:88} INFO - Job 342: Subtask load_data_task
[2024-01-29T02:31:13.834+0530] {task_command.py:423} INFO - Running <TaskInstance: dag_exec_scripts_demo.load_data_task manual__2024-01-28T21:00:59.874116+00:00 [running]> on host mh1.myguest.virtualbox.org
[2024-01-29T02:31:13.924+0530] {taskinstance.py:2480} INFO - Exporting env vars: AIRFLOW_CTX_DAG_OWNER='airflow' AIRFLOW_CTX_DAG_ID='dag_exec_scripts_demo' AIRFLOW_CTX_TASK_ID='load_data_task' AIRFLOW_CTX_EXECUTION_DATE='2024-01-28T21:00:59.874116+00:00' AIRFLOW_CTX_TRY_NUMBER='1' AIRFLOW_CTX_DAG_RUN_ID='manual__2024-01-28T21:00:59.874116+00:00'
[2024-01-29T02:31:13.925+0530] {sql.py:276} INFO - Executing: INSERT INTO airflow.employees (`emp_id`,`first_name`,`last_name`, `hire_date`, `job_id`, `salary`, `commission_pct`, `manager_id`, `dept_id`) 
VALUES (100,"Steven","King",'1987-06-17',"AD_PRES",24000.00,0.00,0,90), (101,"Neena","Kochhar",'1987-06-18',"AD_VP",17000.00,0.00,100,90), (102,"Lex","DeHaan",'1987-06-19',"AD_VP",17000.00,0.00,100,90), (103,"Alexander","Hunold",'1987-06-20',"IT_PROG",9000.00,0.00,102,60), (104,"Bruce","Ernst",'1987-06-21',"IT_PROG",6000.00,0.00,103,60), (105,"David","Austin",'1987-06-22',"IT_PROG",4800.00,0.00,103,60), (106,"Valli","Pataballa",'1987-06-23',"IT_PROG",4800.00,0.00,103,60), (107,"Diana","Lorentz",'1987-06-24',"IT_PROG",4200.00,0.00,103,60), (108,"Nancy","Greenberg",'1987-06-25',"FI_MGR",12000.00,0.00,101,100), (109,"Daniel","Faviet",'1987-06-26',"FI_ACCOUNT",9000.00,0.00,108,100); 
SELECT DISTINCT (job_id) from airflow.employees; 
SELECT COUNT( DISTINCT (job_id)) from airflow.employees; 
SELECT MAX(salary) from airflow.employees; 
SELECT MIN(salary) from airflow.employees;
[2024-01-29T02:31:13.931+0530] {base.py:83} INFO - Using connection ID 'airflow_db' for task execution.
[2024-01-29T02:31:13.974+0530] {base.py:83} INFO - Using connection ID 'airflow_db' for task execution.
[2024-01-29T02:31:13.986+0530] {sql.py:450} INFO - Running statement: INSERT INTO airflow.employees (`emp_id`,`first_name`,`last_name`, `hire_date`, `job_id`, `salary`, `commission_pct`, `manager_id`, `dept_id`) 
VALUES (100,"Steven","King",'1987-06-17',"AD_PRES",24000.00,0.00,0,90), (101,"Neena","Kochhar",'1987-06-18',"AD_VP",17000.00,0.00,100,90), (102,"Lex","DeHaan",'1987-06-19',"AD_VP",17000.00,0.00,100,90), (103,"Alexander","Hunold",'1987-06-20',"IT_PROG",9000.00,0.00,102,60), (104,"Bruce","Ernst",'1987-06-21',"IT_PROG",6000.00,0.00,103,60), (105,"David","Austin",'1987-06-22',"IT_PROG",4800.00,0.00,103,60), (106,"Valli","Pataballa",'1987-06-23',"IT_PROG",4800.00,0.00,103,60), (107,"Diana","Lorentz",'1987-06-24',"IT_PROG",4200.00,0.00,103,60), (108,"Nancy","Greenberg",'1987-06-25',"FI_MGR",12000.00,0.00,101,100), (109,"Daniel","Faviet",'1987-06-26',"FI_ACCOUNT",9000.00,0.00,108,100); 
SELECT DISTINCT (job_id) from airflow.employees; 
SELECT COUNT( DISTINCT (job_id)) from airflow.employees; 
SELECT MAX(salary) from airflow.employees; 
SELECT MIN(salary) from airflow.employees;, parameters: None
[2024-01-29T02:31:13.987+0530] {taskinstance.py:2698} ERROR - Task failed with exception
Traceback (most recent call last):
  File "/home/hdu/.local/lib/python3.8/site-packages/airflow/models/taskinstance.py", line 433, in _execute_task
    result = execute_callable(context=context, **execute_callable_kwargs)
  File "/home/hdu/.local/lib/python3.8/site-packages/airflow/providers/common/sql/operators/sql.py", line 282, in execute
    output = hook.run(
  File "/home/hdu/.local/lib/python3.8/site-packages/airflow/providers/common/sql/hooks/sql.py", line 398, in run
    self._run_command(cur, sql_statement, parameters)
  File "/home/hdu/.local/lib/python3.8/site-packages/airflow/providers/common/sql/hooks/sql.py", line 455, in _run_command
    cur.execute(sql_statement)
  File "/usr/local/lib/python3.8/dist-packages/MySQLdb/cursors.py", line 179, in execute
    res = self._query(mogrified_query)
  File "/usr/local/lib/python3.8/dist-packages/MySQLdb/cursors.py", line 330, in _query
    db.query(q)
  File "/usr/local/lib/python3.8/dist-packages/MySQLdb/connections.py", line 257, in query
    _mysql.connection.query(self, query)
MySQLdb.IntegrityError: (1062, "Duplicate entry '100' for key 'employees.PRIMARY'")
[2024-01-29T02:31:13.992+0530] {taskinstance.py:1138} INFO - Marking task as FAILED. dag_id=dag_exec_scripts_demo, task_id=load_data_task, execution_date=20240128T210059, start_date=20240128T210113, end_date=20240128T210113
[2024-01-29T02:31:14.007+0530] {standard_task_runner.py:107} ERROR - Failed to execute job 342 for task load_data_task ((1062, "Duplicate entry '100' for key 'employees.PRIMARY'"); 10811)
[2024-01-29T02:31:14.025+0530] {local_task_job_runner.py:234} INFO - Task exited with return code 1
[2024-01-29T02:31:14.043+0530] {taskinstance.py:3280} INFO - 0 downstream tasks scheduled from follow-on schedule check
