[2024-01-29T03:26:04.860+0530] {taskinstance.py:1956} INFO - Dependencies all met for dep_context=non-requeueable deps ti=<TaskInstance: dag_exec_scripts_demo_v1.load_data_task scheduled__2024-01-27T00:00:00+00:00 [queued]>
[2024-01-29T03:26:04.870+0530] {taskinstance.py:1956} INFO - Dependencies all met for dep_context=requeueable deps ti=<TaskInstance: dag_exec_scripts_demo_v1.load_data_task scheduled__2024-01-27T00:00:00+00:00 [queued]>
[2024-01-29T03:26:04.870+0530] {taskinstance.py:2170} INFO - Starting attempt 1 of 1
[2024-01-29T03:26:04.896+0530] {taskinstance.py:2191} INFO - Executing <Task(MySqlOperator): load_data_task> on 2024-01-27 00:00:00+00:00
[2024-01-29T03:26:04.899+0530] {standard_task_runner.py:60} INFO - Started process 12232 to run task
[2024-01-29T03:26:04.905+0530] {standard_task_runner.py:87} INFO - Running: ['airflow', 'tasks', 'run', 'dag_exec_scripts_demo_v1', 'load_data_task', 'scheduled__2024-01-27T00:00:00+00:00', '--job-id', '343', '--raw', '--subdir', 'DAGS_FOLDER/6-create-dag-execute-scripts.py', '--cfg-path', '/tmp/tmp3vlqfh3f']
[2024-01-29T03:26:04.907+0530] {standard_task_runner.py:88} INFO - Job 343: Subtask load_data_task
[2024-01-29T03:26:04.948+0530] {task_command.py:423} INFO - Running <TaskInstance: dag_exec_scripts_demo_v1.load_data_task scheduled__2024-01-27T00:00:00+00:00 [running]> on host mh1.myguest.virtualbox.org
[2024-01-29T03:26:05.017+0530] {taskinstance.py:2480} INFO - Exporting env vars: AIRFLOW_CTX_DAG_OWNER='airflow' AIRFLOW_CTX_DAG_ID='dag_exec_scripts_demo_v1' AIRFLOW_CTX_TASK_ID='load_data_task' AIRFLOW_CTX_EXECUTION_DATE='2024-01-27T00:00:00+00:00' AIRFLOW_CTX_TRY_NUMBER='1' AIRFLOW_CTX_DAG_RUN_ID='scheduled__2024-01-27T00:00:00+00:00'
[2024-01-29T03:26:05.018+0530] {sql.py:276} INFO - Executing: INSERT INTO airflownew.employees (`emp_id`,`first_name`,`last_name`, `hire_date`, `job_id`, `salary`, `commission_pct`, `manager_id`, `dept_id`) 
VALUES (100,"Steven","King",'1987-06-17',"AD_PRES",24000.00,0.00,0,90), (101,"Neena","Kochhar",'1987-06-18',"AD_VP",17000.00,0.00,100,90), (102,"Lex","DeHaan",'1987-06-19',"AD_VP",17000.00,0.00,100,90), (103,"Alexander","Hunold",'1987-06-20',"IT_PROG",9000.00,0.00,102,60), (104,"Bruce","Ernst",'1987-06-21',"IT_PROG",6000.00,0.00,103,60), (105,"David","Austin",'1987-06-22',"IT_PROG",4800.00,0.00,103,60), (106,"Valli","Pataballa",'1987-06-23',"IT_PROG",4800.00,0.00,103,60), (107,"Diana","Lorentz",'1987-06-24',"IT_PROG",4200.00,0.00,103,60), (108,"Nancy","Greenberg",'1987-06-25',"FI_MGR",12000.00,0.00,101,100), (109,"Daniel","Faviet",'1987-06-26',"FI_ACCOUNT",9000.00,0.00,108,100); 
SELECT DISTINCT (job_id) from airflownew.employees ;
SELECT COUNT( DISTINCT (job_id)) from airflownew.employees;
SELECT MAX(salary) from airflownew.employees;
SELECT MIN(salary) from airflownew.employees;
[2024-01-29T03:26:05.023+0530] {base.py:83} INFO - Using connection ID 'airflow_db' for task execution.
[2024-01-29T03:26:05.053+0530] {base.py:83} INFO - Using connection ID 'airflow_db' for task execution.
[2024-01-29T03:26:05.065+0530] {sql.py:450} INFO - Running statement: INSERT INTO airflownew.employees (`emp_id`,`first_name`,`last_name`, `hire_date`, `job_id`, `salary`, `commission_pct`, `manager_id`, `dept_id`) 
VALUES (100,"Steven","King",'1987-06-17',"AD_PRES",24000.00,0.00,0,90), (101,"Neena","Kochhar",'1987-06-18',"AD_VP",17000.00,0.00,100,90), (102,"Lex","DeHaan",'1987-06-19',"AD_VP",17000.00,0.00,100,90), (103,"Alexander","Hunold",'1987-06-20',"IT_PROG",9000.00,0.00,102,60), (104,"Bruce","Ernst",'1987-06-21',"IT_PROG",6000.00,0.00,103,60), (105,"David","Austin",'1987-06-22',"IT_PROG",4800.00,0.00,103,60), (106,"Valli","Pataballa",'1987-06-23',"IT_PROG",4800.00,0.00,103,60), (107,"Diana","Lorentz",'1987-06-24',"IT_PROG",4200.00,0.00,103,60), (108,"Nancy","Greenberg",'1987-06-25',"FI_MGR",12000.00,0.00,101,100), (109,"Daniel","Faviet",'1987-06-26',"FI_ACCOUNT",9000.00,0.00,108,100); 
SELECT DISTINCT (job_id) from airflownew.employees ;
SELECT COUNT( DISTINCT (job_id)) from airflownew.employees;
SELECT MAX(salary) from airflownew.employees;
SELECT MIN(salary) from airflownew.employees;, parameters: None
[2024-01-29T03:26:05.066+0530] {sql.py:459} INFO - Rows affected: 10
[2024-01-29T03:26:05.076+0530] {taskinstance.py:1138} INFO - Marking task as SUCCESS. dag_id=dag_exec_scripts_demo_v1, task_id=load_data_task, execution_date=20240127T000000, start_date=20240128T215604, end_date=20240128T215605
[2024-01-29T03:26:05.117+0530] {local_task_job_runner.py:234} INFO - Task exited with return code 0
[2024-01-29T03:26:05.135+0530] {taskinstance.py:3280} INFO - 0 downstream tasks scheduled from follow-on schedule check
[2024-01-29T03:32:22.249+0530] {taskinstance.py:1956} INFO - Dependencies all met for dep_context=non-requeueable deps ti=<TaskInstance: dag_exec_scripts_demo_v1.load_data_task scheduled__2024-01-27T00:00:00+00:00 [queued]>
[2024-01-29T03:32:22.258+0530] {taskinstance.py:1956} INFO - Dependencies all met for dep_context=requeueable deps ti=<TaskInstance: dag_exec_scripts_demo_v1.load_data_task scheduled__2024-01-27T00:00:00+00:00 [queued]>
[2024-01-29T03:32:22.258+0530] {taskinstance.py:2170} INFO - Starting attempt 1 of 1
[2024-01-29T03:32:22.286+0530] {taskinstance.py:2191} INFO - Executing <Task(MySqlOperator): load_data_task> on 2024-01-27 00:00:00+00:00
[2024-01-29T03:32:22.288+0530] {standard_task_runner.py:60} INFO - Started process 12396 to run task
[2024-01-29T03:32:22.301+0530] {standard_task_runner.py:87} INFO - Running: ['airflow', 'tasks', 'run', 'dag_exec_scripts_demo_v1', 'load_data_task', 'scheduled__2024-01-27T00:00:00+00:00', '--job-id', '347', '--raw', '--subdir', 'DAGS_FOLDER/6-create-dag-execute-scripts.py', '--cfg-path', '/tmp/tmpck4fyxb_']
[2024-01-29T03:32:22.303+0530] {standard_task_runner.py:88} INFO - Job 347: Subtask load_data_task
[2024-01-29T03:32:22.377+0530] {task_command.py:423} INFO - Running <TaskInstance: dag_exec_scripts_demo_v1.load_data_task scheduled__2024-01-27T00:00:00+00:00 [running]> on host mh1.myguest.virtualbox.org
[2024-01-29T03:32:22.468+0530] {taskinstance.py:2480} INFO - Exporting env vars: AIRFLOW_CTX_DAG_OWNER='airflow' AIRFLOW_CTX_DAG_ID='dag_exec_scripts_demo_v1' AIRFLOW_CTX_TASK_ID='load_data_task' AIRFLOW_CTX_EXECUTION_DATE='2024-01-27T00:00:00+00:00' AIRFLOW_CTX_TRY_NUMBER='1' AIRFLOW_CTX_DAG_RUN_ID='scheduled__2024-01-27T00:00:00+00:00'
[2024-01-29T03:32:22.469+0530] {sql.py:276} INFO - Executing: INSERT INTO airflownew.employees (`emp_id`,`first_name`,`last_name`, `hire_date`, `job_id`, `salary`, `commission_pct`, `manager_id`, `dept_id`) 
VALUES (100,"Steven","King",'1987-06-17',"AD_PRES",24000.00,0.00,0,90), (101,"Neena","Kochhar",'1987-06-18',"AD_VP",17000.00,0.00,100,90), (102,"Lex","DeHaan",'1987-06-19',"AD_VP",17000.00,0.00,100,90), (103,"Alexander","Hunold",'1987-06-20',"IT_PROG",9000.00,0.00,102,60), (104,"Bruce","Ernst",'1987-06-21',"IT_PROG",6000.00,0.00,103,60), (105,"David","Austin",'1987-06-22',"IT_PROG",4800.00,0.00,103,60), (106,"Valli","Pataballa",'1987-06-23',"IT_PROG",4800.00,0.00,103,60), (107,"Diana","Lorentz",'1987-06-24',"IT_PROG",4200.00,0.00,103,60), (108,"Nancy","Greenberg",'1987-06-25',"FI_MGR",12000.00,0.00,101,100), (109,"Daniel","Faviet",'1987-06-26',"FI_ACCOUNT",9000.00,0.00,108,100); 
SELECT DISTINCT (job_id) from airflownew.employees ;
SELECT COUNT( DISTINCT (job_id)) from airflownew.employees;
SELECT MAX(salary) from airflownew.employees;
SELECT MIN(salary) from airflownew.employees;
[2024-01-29T03:32:22.479+0530] {base.py:83} INFO - Using connection ID 'airflow_db' for task execution.
[2024-01-29T03:32:22.520+0530] {base.py:83} INFO - Using connection ID 'airflow_db' for task execution.
[2024-01-29T03:32:22.536+0530] {sql.py:450} INFO - Running statement: INSERT INTO airflownew.employees (`emp_id`,`first_name`,`last_name`, `hire_date`, `job_id`, `salary`, `commission_pct`, `manager_id`, `dept_id`) 
VALUES (100,"Steven","King",'1987-06-17',"AD_PRES",24000.00,0.00,0,90), (101,"Neena","Kochhar",'1987-06-18',"AD_VP",17000.00,0.00,100,90), (102,"Lex","DeHaan",'1987-06-19',"AD_VP",17000.00,0.00,100,90), (103,"Alexander","Hunold",'1987-06-20',"IT_PROG",9000.00,0.00,102,60), (104,"Bruce","Ernst",'1987-06-21',"IT_PROG",6000.00,0.00,103,60), (105,"David","Austin",'1987-06-22',"IT_PROG",4800.00,0.00,103,60), (106,"Valli","Pataballa",'1987-06-23',"IT_PROG",4800.00,0.00,103,60), (107,"Diana","Lorentz",'1987-06-24',"IT_PROG",4200.00,0.00,103,60), (108,"Nancy","Greenberg",'1987-06-25',"FI_MGR",12000.00,0.00,101,100), (109,"Daniel","Faviet",'1987-06-26',"FI_ACCOUNT",9000.00,0.00,108,100); 
SELECT DISTINCT (job_id) from airflownew.employees ;
SELECT COUNT( DISTINCT (job_id)) from airflownew.employees;
SELECT MAX(salary) from airflownew.employees;
SELECT MIN(salary) from airflownew.employees;, parameters: None
[2024-01-29T03:32:22.541+0530] {sql.py:459} INFO - Rows affected: 10
[2024-01-29T03:32:22.552+0530] {taskinstance.py:1138} INFO - Marking task as SUCCESS. dag_id=dag_exec_scripts_demo_v1, task_id=load_data_task, execution_date=20240127T000000, start_date=20240128T220222, end_date=20240128T220222
[2024-01-29T03:32:22.587+0530] {local_task_job_runner.py:234} INFO - Task exited with return code 0
[2024-01-29T03:32:22.608+0530] {taskinstance.py:3280} INFO - 0 downstream tasks scheduled from follow-on schedule check
[2024-01-29T03:41:56.529+0530] {taskinstance.py:1956} INFO - Dependencies all met for dep_context=non-requeueable deps ti=<TaskInstance: dag_exec_scripts_demo_v1.load_data_task scheduled__2024-01-27T00:00:00+00:00 [queued]>
[2024-01-29T03:41:56.540+0530] {taskinstance.py:1956} INFO - Dependencies all met for dep_context=requeueable deps ti=<TaskInstance: dag_exec_scripts_demo_v1.load_data_task scheduled__2024-01-27T00:00:00+00:00 [queued]>
[2024-01-29T03:41:56.540+0530] {taskinstance.py:2170} INFO - Starting attempt 1 of 1
[2024-01-29T03:41:56.570+0530] {taskinstance.py:2191} INFO - Executing <Task(MySqlOperator): load_data_task> on 2024-01-27 00:00:00+00:00
[2024-01-29T03:41:56.574+0530] {standard_task_runner.py:60} INFO - Started process 12618 to run task
[2024-01-29T03:41:56.577+0530] {standard_task_runner.py:87} INFO - Running: ['airflow', 'tasks', 'run', 'dag_exec_scripts_demo_v1', 'load_data_task', 'scheduled__2024-01-27T00:00:00+00:00', '--job-id', '347', '--raw', '--subdir', 'DAGS_FOLDER/6-create-dag-execute-scripts.py', '--cfg-path', '/tmp/tmpi9a7z15x']
[2024-01-29T03:41:56.578+0530] {standard_task_runner.py:88} INFO - Job 347: Subtask load_data_task
[2024-01-29T03:41:56.629+0530] {task_command.py:423} INFO - Running <TaskInstance: dag_exec_scripts_demo_v1.load_data_task scheduled__2024-01-27T00:00:00+00:00 [running]> on host mh1.myguest.virtualbox.org
[2024-01-29T03:41:56.709+0530] {taskinstance.py:2480} INFO - Exporting env vars: AIRFLOW_CTX_DAG_OWNER='airflow' AIRFLOW_CTX_DAG_ID='dag_exec_scripts_demo_v1' AIRFLOW_CTX_TASK_ID='load_data_task' AIRFLOW_CTX_EXECUTION_DATE='2024-01-27T00:00:00+00:00' AIRFLOW_CTX_TRY_NUMBER='1' AIRFLOW_CTX_DAG_RUN_ID='scheduled__2024-01-27T00:00:00+00:00'
[2024-01-29T03:41:56.709+0530] {sql.py:276} INFO - Executing: INSERT INTO airflownew.employees (`emp_id`,`first_name`,`last_name`, `hire_date`, `job_id`, `salary`, `commission_pct`, `manager_id`, `dept_id`) 
VALUES (100,"Steven","King",'1987-06-17',"AD_PRES",24000.00,0.00,0,90), 
(101,"Neena","Kochhar",'1987-06-18',"AD_VP",17000.00,0.00,100,90), 
(102,"Lex","DeHaan",'1987-06-19',"AD_VP",17000.00,0.00,100,90), 
(103,"Alexander","Hunold",'1987-06-20',"IT_PROG",9000.00,0.00,102,60), 
(104,"Bruce","Ernst",'1987-06-21',"IT_PROG",6000.00,0.00,103,60), 
(105,"David","Austin",'1987-06-22',"IT_PROG",4800.00,0.00,103,60), 
(106,"Valli","Pataballa",'1987-06-23',"IT_PROG",4800.00,0.00,103,60), 
(107,"Diana","Lorentz",'1987-06-24',"IT_PROG",4200.00,0.00,103,60), 
(108,"Nancy","Greenberg",'1987-06-25',"FI_MGR",12000.00,0.00,101,100), 
(109,"Daniel","Faviet",'1987-06-26',"FI_ACCOUNT",9000.00,0.00,108,100); 
#SELECT DISTINCT (job_id) from airflownew.employees ;
#SELECT COUNT( DISTINCT (job_id)) from airflownew.employees;
#SELECT MAX(salary) from airflownew.employees;
#SELECT MIN(salary) from airflownew.employees;
[2024-01-29T03:41:56.714+0530] {base.py:83} INFO - Using connection ID 'airflow_db' for task execution.
[2024-01-29T03:41:56.759+0530] {base.py:83} INFO - Using connection ID 'airflow_db' for task execution.
[2024-01-29T03:41:56.779+0530] {sql.py:450} INFO - Running statement: INSERT INTO airflownew.employees (`emp_id`,`first_name`,`last_name`, `hire_date`, `job_id`, `salary`, `commission_pct`, `manager_id`, `dept_id`) 
VALUES (100,"Steven","King",'1987-06-17',"AD_PRES",24000.00,0.00,0,90), 
(101,"Neena","Kochhar",'1987-06-18',"AD_VP",17000.00,0.00,100,90), 
(102,"Lex","DeHaan",'1987-06-19',"AD_VP",17000.00,0.00,100,90), 
(103,"Alexander","Hunold",'1987-06-20',"IT_PROG",9000.00,0.00,102,60), 
(104,"Bruce","Ernst",'1987-06-21',"IT_PROG",6000.00,0.00,103,60), 
(105,"David","Austin",'1987-06-22',"IT_PROG",4800.00,0.00,103,60), 
(106,"Valli","Pataballa",'1987-06-23',"IT_PROG",4800.00,0.00,103,60), 
(107,"Diana","Lorentz",'1987-06-24',"IT_PROG",4200.00,0.00,103,60), 
(108,"Nancy","Greenberg",'1987-06-25',"FI_MGR",12000.00,0.00,101,100), 
(109,"Daniel","Faviet",'1987-06-26',"FI_ACCOUNT",9000.00,0.00,108,100); 
#SELECT DISTINCT (job_id) from airflownew.employees ;
#SELECT COUNT( DISTINCT (job_id)) from airflownew.employees;
#SELECT MAX(salary) from airflownew.employees;
#SELECT MIN(salary) from airflownew.employees;, parameters: None
[2024-01-29T03:41:56.780+0530] {sql.py:459} INFO - Rows affected: 10
[2024-01-29T03:41:56.793+0530] {taskinstance.py:1138} INFO - Marking task as SUCCESS. dag_id=dag_exec_scripts_demo_v1, task_id=load_data_task, execution_date=20240127T000000, start_date=20240128T221156, end_date=20240128T221156
[2024-01-29T03:41:56.835+0530] {local_task_job_runner.py:234} INFO - Task exited with return code 0
[2024-01-29T03:41:56.862+0530] {taskinstance.py:3280} INFO - 0 downstream tasks scheduled from follow-on schedule check
[2024-01-29T03:50:00.463+0530] {taskinstance.py:1956} INFO - Dependencies all met for dep_context=non-requeueable deps ti=<TaskInstance: dag_exec_scripts_demo_v1.load_data_task scheduled__2024-01-27T00:00:00+00:00 [queued]>
[2024-01-29T03:50:00.471+0530] {taskinstance.py:1956} INFO - Dependencies all met for dep_context=requeueable deps ti=<TaskInstance: dag_exec_scripts_demo_v1.load_data_task scheduled__2024-01-27T00:00:00+00:00 [queued]>
[2024-01-29T03:50:00.472+0530] {taskinstance.py:2170} INFO - Starting attempt 1 of 1
[2024-01-29T03:50:00.506+0530] {taskinstance.py:2191} INFO - Executing <Task(MySqlOperator): load_data_task> on 2024-01-27 00:00:00+00:00
[2024-01-29T03:50:00.510+0530] {standard_task_runner.py:60} INFO - Started process 12868 to run task
[2024-01-29T03:50:00.519+0530] {standard_task_runner.py:87} INFO - Running: ['airflow', 'tasks', 'run', 'dag_exec_scripts_demo_v1', 'load_data_task', 'scheduled__2024-01-27T00:00:00+00:00', '--job-id', '349', '--raw', '--subdir', 'DAGS_FOLDER/6-create-dag-execute-scripts.py', '--cfg-path', '/tmp/tmpgv3qkgu6']
[2024-01-29T03:50:00.520+0530] {standard_task_runner.py:88} INFO - Job 349: Subtask load_data_task
[2024-01-29T03:50:00.568+0530] {task_command.py:423} INFO - Running <TaskInstance: dag_exec_scripts_demo_v1.load_data_task scheduled__2024-01-27T00:00:00+00:00 [running]> on host mh1.myguest.virtualbox.org
[2024-01-29T03:50:00.644+0530] {taskinstance.py:2480} INFO - Exporting env vars: AIRFLOW_CTX_DAG_OWNER='airflow' AIRFLOW_CTX_DAG_ID='dag_exec_scripts_demo_v1' AIRFLOW_CTX_TASK_ID='load_data_task' AIRFLOW_CTX_EXECUTION_DATE='2024-01-27T00:00:00+00:00' AIRFLOW_CTX_TRY_NUMBER='1' AIRFLOW_CTX_DAG_RUN_ID='scheduled__2024-01-27T00:00:00+00:00'
[2024-01-29T03:50:00.645+0530] {sql.py:276} INFO - Executing: INSERT INTO airflownew.employees (`emp_id`,`first_name`,`last_name`, `hire_date`, `job_id`, `salary`, `commission_pct`, `manager_id`, `dept_id`) 
VALUES (100,"Steven","King",'1987-06-17',"AD_PRES",24000.00,0.00,0,90), 
(101,"Neena","Kochhar",'1987-06-18',"AD_VP",17000.00,0.00,100,90), 
(102,"Lex","DeHaan",'1987-06-19',"AD_VP",17000.00,0.00,100,90), 
(103,"Alexander","Hunold",'1987-06-20',"IT_PROG",9000.00,0.00,102,60), 
(104,"Bruce","Ernst",'1987-06-21',"IT_PROG",6000.00,0.00,103,60), 
(105,"David","Austin",'1987-06-22',"IT_PROG",4800.00,0.00,103,60), 
(106,"Valli","Pataballa",'1987-06-23',"IT_PROG",4800.00,0.00,103,60), 
(107,"Diana","Lorentz",'1987-06-24',"IT_PROG",4200.00,0.00,103,60), 
(108,"Nancy","Greenberg",'1987-06-25',"FI_MGR",12000.00,0.00,101,100), 
(109,"Daniel","Faviet",'1987-06-26',"FI_ACCOUNT",9000.00,0.00,108,100); 
#SELECT DISTINCT (job_id) from airflownew.employees ;
#SELECT COUNT( DISTINCT (job_id)) from airflownew.employees;
#SELECT MAX(salary) from airflownew.employees;
#SELECT MIN(salary) from airflownew.employees;
[2024-01-29T03:50:00.651+0530] {base.py:83} INFO - Using connection ID 'airflow_db' for task execution.
[2024-01-29T03:50:00.686+0530] {base.py:83} INFO - Using connection ID 'airflow_db' for task execution.
[2024-01-29T03:50:00.705+0530] {sql.py:450} INFO - Running statement: INSERT INTO airflownew.employees (`emp_id`,`first_name`,`last_name`, `hire_date`, `job_id`, `salary`, `commission_pct`, `manager_id`, `dept_id`) 
VALUES (100,"Steven","King",'1987-06-17',"AD_PRES",24000.00,0.00,0,90), 
(101,"Neena","Kochhar",'1987-06-18',"AD_VP",17000.00,0.00,100,90), 
(102,"Lex","DeHaan",'1987-06-19',"AD_VP",17000.00,0.00,100,90), 
(103,"Alexander","Hunold",'1987-06-20',"IT_PROG",9000.00,0.00,102,60), 
(104,"Bruce","Ernst",'1987-06-21',"IT_PROG",6000.00,0.00,103,60), 
(105,"David","Austin",'1987-06-22',"IT_PROG",4800.00,0.00,103,60), 
(106,"Valli","Pataballa",'1987-06-23',"IT_PROG",4800.00,0.00,103,60), 
(107,"Diana","Lorentz",'1987-06-24',"IT_PROG",4200.00,0.00,103,60), 
(108,"Nancy","Greenberg",'1987-06-25',"FI_MGR",12000.00,0.00,101,100), 
(109,"Daniel","Faviet",'1987-06-26',"FI_ACCOUNT",9000.00,0.00,108,100); 
#SELECT DISTINCT (job_id) from airflownew.employees ;
#SELECT COUNT( DISTINCT (job_id)) from airflownew.employees;
#SELECT MAX(salary) from airflownew.employees;
#SELECT MIN(salary) from airflownew.employees;, parameters: None
[2024-01-29T03:50:00.707+0530] {sql.py:459} INFO - Rows affected: 10
[2024-01-29T03:50:00.727+0530] {taskinstance.py:1138} INFO - Marking task as SUCCESS. dag_id=dag_exec_scripts_demo_v1, task_id=load_data_task, execution_date=20240127T000000, start_date=20240128T222000, end_date=20240128T222000
[2024-01-29T03:50:00.775+0530] {local_task_job_runner.py:234} INFO - Task exited with return code 0
[2024-01-29T03:50:00.802+0530] {taskinstance.py:3280} INFO - 0 downstream tasks scheduled from follow-on schedule check
[2024-01-29T03:54:54.692+0530] {taskinstance.py:1956} INFO - Dependencies all met for dep_context=non-requeueable deps ti=<TaskInstance: dag_exec_scripts_demo_v1.load_data_task scheduled__2024-01-27T00:00:00+00:00 [queued]>
[2024-01-29T03:54:54.702+0530] {taskinstance.py:1956} INFO - Dependencies all met for dep_context=requeueable deps ti=<TaskInstance: dag_exec_scripts_demo_v1.load_data_task scheduled__2024-01-27T00:00:00+00:00 [queued]>
[2024-01-29T03:54:54.703+0530] {taskinstance.py:2170} INFO - Starting attempt 1 of 1
[2024-01-29T03:54:54.725+0530] {taskinstance.py:2191} INFO - Executing <Task(MySqlOperator): load_data_task> on 2024-01-27 00:00:00+00:00
[2024-01-29T03:54:54.728+0530] {standard_task_runner.py:60} INFO - Started process 13071 to run task
[2024-01-29T03:54:54.733+0530] {standard_task_runner.py:87} INFO - Running: ['airflow', 'tasks', 'run', 'dag_exec_scripts_demo_v1', 'load_data_task', 'scheduled__2024-01-27T00:00:00+00:00', '--job-id', '347', '--raw', '--subdir', 'DAGS_FOLDER/6-create-dag-execute-scripts.py', '--cfg-path', '/tmp/tmp0kmzok90']
[2024-01-29T03:54:54.735+0530] {standard_task_runner.py:88} INFO - Job 347: Subtask load_data_task
[2024-01-29T03:54:54.786+0530] {task_command.py:423} INFO - Running <TaskInstance: dag_exec_scripts_demo_v1.load_data_task scheduled__2024-01-27T00:00:00+00:00 [running]> on host mh1.myguest.virtualbox.org
[2024-01-29T03:54:54.868+0530] {taskinstance.py:2480} INFO - Exporting env vars: AIRFLOW_CTX_DAG_OWNER='airflow' AIRFLOW_CTX_DAG_ID='dag_exec_scripts_demo_v1' AIRFLOW_CTX_TASK_ID='load_data_task' AIRFLOW_CTX_EXECUTION_DATE='2024-01-27T00:00:00+00:00' AIRFLOW_CTX_TRY_NUMBER='1' AIRFLOW_CTX_DAG_RUN_ID='scheduled__2024-01-27T00:00:00+00:00'
[2024-01-29T03:54:54.868+0530] {sql.py:276} INFO - Executing: INSERT INTO airflow.employees (`emp_id`,`first_name`,`last_name`, `hire_date`, `job_id`, `salary`, `commission_pct`, `manager_id`, `dept_id`) 
VALUES (100,"Steven","King",'1987-06-17',"AD_PRES",24000.00,0.00,0,90), 
(101,"Neena","Kochhar",'1987-06-18',"AD_VP",17000.00,0.00,100,90), 
(102,"Lex","DeHaan",'1987-06-19',"AD_VP",17000.00,0.00,100,90), 
(103,"Alexander","Hunold",'1987-06-20',"IT_PROG",9000.00,0.00,102,60), 
(104,"Bruce","Ernst",'1987-06-21',"IT_PROG",6000.00,0.00,103,60), 
(105,"David","Austin",'1987-06-22',"IT_PROG",4800.00,0.00,103,60), 
(106,"Valli","Pataballa",'1987-06-23',"IT_PROG",4800.00,0.00,103,60), 
(107,"Diana","Lorentz",'1987-06-24',"IT_PROG",4200.00,0.00,103,60), 
(108,"Nancy","Greenberg",'1987-06-25',"FI_MGR",12000.00,0.00,101,100), 
(109,"Daniel","Faviet",'1987-06-26',"FI_ACCOUNT",9000.00,0.00,108,100); 
#SELECT DISTINCT (job_id) from airflow.employees ;
#SELECT COUNT( DISTINCT (job_id)) from airflow.employees;
#SELECT MAX(salary) from airflow.employees;
#SELECT MIN(salary) from airflow.employees;
[2024-01-29T03:54:54.875+0530] {base.py:83} INFO - Using connection ID 'airflow_db' for task execution.
[2024-01-29T03:54:54.926+0530] {base.py:83} INFO - Using connection ID 'airflow_db' for task execution.
[2024-01-29T03:54:54.940+0530] {sql.py:450} INFO - Running statement: INSERT INTO airflow.employees (`emp_id`,`first_name`,`last_name`, `hire_date`, `job_id`, `salary`, `commission_pct`, `manager_id`, `dept_id`) 
VALUES (100,"Steven","King",'1987-06-17',"AD_PRES",24000.00,0.00,0,90), 
(101,"Neena","Kochhar",'1987-06-18',"AD_VP",17000.00,0.00,100,90), 
(102,"Lex","DeHaan",'1987-06-19',"AD_VP",17000.00,0.00,100,90), 
(103,"Alexander","Hunold",'1987-06-20',"IT_PROG",9000.00,0.00,102,60), 
(104,"Bruce","Ernst",'1987-06-21',"IT_PROG",6000.00,0.00,103,60), 
(105,"David","Austin",'1987-06-22',"IT_PROG",4800.00,0.00,103,60), 
(106,"Valli","Pataballa",'1987-06-23',"IT_PROG",4800.00,0.00,103,60), 
(107,"Diana","Lorentz",'1987-06-24',"IT_PROG",4200.00,0.00,103,60), 
(108,"Nancy","Greenberg",'1987-06-25',"FI_MGR",12000.00,0.00,101,100), 
(109,"Daniel","Faviet",'1987-06-26',"FI_ACCOUNT",9000.00,0.00,108,100); 
#SELECT DISTINCT (job_id) from airflow.employees ;
#SELECT COUNT( DISTINCT (job_id)) from airflow.employees;
#SELECT MAX(salary) from airflow.employees;
#SELECT MIN(salary) from airflow.employees;, parameters: None
[2024-01-29T03:54:54.941+0530] {sql.py:459} INFO - Rows affected: 10
[2024-01-29T03:54:54.963+0530] {taskinstance.py:1138} INFO - Marking task as SUCCESS. dag_id=dag_exec_scripts_demo_v1, task_id=load_data_task, execution_date=20240127T000000, start_date=20240128T222454, end_date=20240128T222454
[2024-01-29T03:54:54.990+0530] {local_task_job_runner.py:234} INFO - Task exited with return code 0
[2024-01-29T03:54:55.007+0530] {taskinstance.py:3280} INFO - 0 downstream tasks scheduled from follow-on schedule check
