[2024-01-29T04:39:04.912+0530] {processor.py:161} INFO - Started process (PID=13837) to work on /home/hdu/airflow/dags/7-create-dag-execute-scripts2.py
[2024-01-29T04:39:04.913+0530] {processor.py:830} INFO - Processing file /home/hdu/airflow/dags/7-create-dag-execute-scripts2.py for tasks to queue
[2024-01-29T04:39:04.915+0530] {logging_mixin.py:188} INFO - [2024-01-29T04:39:04.914+0530] {dagbag.py:538} INFO - Filling up the DagBag from /home/hdu/airflow/dags/7-create-dag-execute-scripts2.py
[2024-01-29T04:39:04.929+0530] {processor.py:840} INFO - DAG(s) 'dag_exec_scripts2_v0' retrieved from /home/hdu/airflow/dags/7-create-dag-execute-scripts2.py
[2024-01-29T04:39:05.071+0530] {logging_mixin.py:188} INFO - [2024-01-29T04:39:05.070+0530] {override.py:1769} INFO - Created Permission View: can read on DAG:dag_exec_scripts2_v0
[2024-01-29T04:39:05.087+0530] {logging_mixin.py:188} INFO - [2024-01-29T04:39:05.086+0530] {override.py:1769} INFO - Created Permission View: can edit on DAG:dag_exec_scripts2_v0
[2024-01-29T04:39:05.099+0530] {logging_mixin.py:188} INFO - [2024-01-29T04:39:05.099+0530] {override.py:1769} INFO - Created Permission View: can delete on DAG:dag_exec_scripts2_v0
[2024-01-29T04:39:05.100+0530] {logging_mixin.py:188} INFO - [2024-01-29T04:39:05.100+0530] {dag.py:3036} INFO - Sync 1 DAGs
[2024-01-29T04:39:05.113+0530] {logging_mixin.py:188} INFO - [2024-01-29T04:39:05.113+0530] {dag.py:3058} INFO - Creating ORM DAG for dag_exec_scripts2_v0
[2024-01-29T04:39:05.123+0530] {logging_mixin.py:188} INFO - [2024-01-29T04:39:05.122+0530] {dag.py:3823} INFO - Setting next_dagrun for dag_exec_scripts2_v0 to 2024-01-27 00:00:00+00:00, run_after=2024-01-27 00:00:00+00:00
[2024-01-29T04:39:05.146+0530] {processor.py:183} INFO - Processing /home/hdu/airflow/dags/7-create-dag-execute-scripts2.py took 0.237 seconds
[2024-01-29T04:39:28.342+0530] {processor.py:161} INFO - Started process (PID=13861) to work on /home/hdu/airflow/dags/7-create-dag-execute-scripts2.py
[2024-01-29T04:39:28.343+0530] {processor.py:830} INFO - Processing file /home/hdu/airflow/dags/7-create-dag-execute-scripts2.py for tasks to queue
[2024-01-29T04:39:28.344+0530] {logging_mixin.py:188} INFO - [2024-01-29T04:39:28.344+0530] {dagbag.py:538} INFO - Filling up the DagBag from /home/hdu/airflow/dags/7-create-dag-execute-scripts2.py
[2024-01-29T04:39:28.360+0530] {processor.py:840} INFO - DAG(s) 'dag_exec_scripts2_v0' retrieved from /home/hdu/airflow/dags/7-create-dag-execute-scripts2.py
[2024-01-29T04:39:28.366+0530] {logging_mixin.py:188} INFO - [2024-01-29T04:39:28.366+0530] {dag.py:3036} INFO - Sync 1 DAGs
[2024-01-29T04:39:28.396+0530] {logging_mixin.py:188} INFO - [2024-01-29T04:39:28.396+0530] {dag.py:3823} INFO - Setting next_dagrun for dag_exec_scripts2_v0 to 2024-01-27 00:00:00+00:00, run_after=2024-01-27 00:00:00+00:00
[2024-01-29T04:39:28.423+0530] {processor.py:183} INFO - Processing /home/hdu/airflow/dags/7-create-dag-execute-scripts2.py took 0.083 seconds
[2024-01-29T04:39:58.454+0530] {processor.py:161} INFO - Started process (PID=13883) to work on /home/hdu/airflow/dags/7-create-dag-execute-scripts2.py
[2024-01-29T04:39:58.458+0530] {processor.py:830} INFO - Processing file /home/hdu/airflow/dags/7-create-dag-execute-scripts2.py for tasks to queue
[2024-01-29T04:39:58.459+0530] {logging_mixin.py:188} INFO - [2024-01-29T04:39:58.459+0530] {dagbag.py:538} INFO - Filling up the DagBag from /home/hdu/airflow/dags/7-create-dag-execute-scripts2.py
[2024-01-29T04:39:58.479+0530] {processor.py:840} INFO - DAG(s) 'dag_exec_scripts2_v0' retrieved from /home/hdu/airflow/dags/7-create-dag-execute-scripts2.py
[2024-01-29T04:39:58.629+0530] {logging_mixin.py:188} INFO - [2024-01-29T04:39:58.629+0530] {dag.py:3036} INFO - Sync 1 DAGs
[2024-01-29T04:39:58.665+0530] {logging_mixin.py:188} INFO - [2024-01-29T04:39:58.665+0530] {dag.py:3823} INFO - Setting next_dagrun for dag_exec_scripts2_v0 to None, run_after=None
[2024-01-29T04:39:58.699+0530] {processor.py:183} INFO - Processing /home/hdu/airflow/dags/7-create-dag-execute-scripts2.py took 0.249 seconds
[2024-01-29T04:40:28.823+0530] {processor.py:161} INFO - Started process (PID=13895) to work on /home/hdu/airflow/dags/7-create-dag-execute-scripts2.py
[2024-01-29T04:40:28.827+0530] {processor.py:830} INFO - Processing file /home/hdu/airflow/dags/7-create-dag-execute-scripts2.py for tasks to queue
[2024-01-29T04:40:28.829+0530] {logging_mixin.py:188} INFO - [2024-01-29T04:40:28.828+0530] {dagbag.py:538} INFO - Filling up the DagBag from /home/hdu/airflow/dags/7-create-dag-execute-scripts2.py
[2024-01-29T04:40:28.854+0530] {processor.py:840} INFO - DAG(s) 'dag_exec_scripts2_v0' retrieved from /home/hdu/airflow/dags/7-create-dag-execute-scripts2.py
[2024-01-29T04:40:28.896+0530] {logging_mixin.py:188} INFO - [2024-01-29T04:40:28.896+0530] {dag.py:3036} INFO - Sync 1 DAGs
[2024-01-29T04:40:28.936+0530] {logging_mixin.py:188} INFO - [2024-01-29T04:40:28.936+0530] {dag.py:3823} INFO - Setting next_dagrun for dag_exec_scripts2_v0 to None, run_after=None
[2024-01-29T04:40:28.981+0530] {processor.py:183} INFO - Processing /home/hdu/airflow/dags/7-create-dag-execute-scripts2.py took 0.161 seconds
[2024-01-29T04:40:59.358+0530] {processor.py:161} INFO - Started process (PID=13902) to work on /home/hdu/airflow/dags/7-create-dag-execute-scripts2.py
[2024-01-29T04:40:59.363+0530] {processor.py:830} INFO - Processing file /home/hdu/airflow/dags/7-create-dag-execute-scripts2.py for tasks to queue
[2024-01-29T04:40:59.366+0530] {logging_mixin.py:188} INFO - [2024-01-29T04:40:59.366+0530] {dagbag.py:538} INFO - Filling up the DagBag from /home/hdu/airflow/dags/7-create-dag-execute-scripts2.py
[2024-01-29T04:40:59.395+0530] {processor.py:840} INFO - DAG(s) 'dag_exec_scripts2_v0' retrieved from /home/hdu/airflow/dags/7-create-dag-execute-scripts2.py
[2024-01-29T04:40:59.466+0530] {logging_mixin.py:188} INFO - [2024-01-29T04:40:59.459+0530] {dag.py:3036} INFO - Sync 1 DAGs
[2024-01-29T04:40:59.523+0530] {logging_mixin.py:188} INFO - [2024-01-29T04:40:59.523+0530] {dag.py:3823} INFO - Setting next_dagrun for dag_exec_scripts2_v0 to None, run_after=None
[2024-01-29T04:40:59.600+0530] {processor.py:183} INFO - Processing /home/hdu/airflow/dags/7-create-dag-execute-scripts2.py took 0.255 seconds
[2024-01-29T04:41:30.010+0530] {processor.py:161} INFO - Started process (PID=13910) to work on /home/hdu/airflow/dags/7-create-dag-execute-scripts2.py
[2024-01-29T04:41:30.014+0530] {processor.py:830} INFO - Processing file /home/hdu/airflow/dags/7-create-dag-execute-scripts2.py for tasks to queue
[2024-01-29T04:41:30.016+0530] {logging_mixin.py:188} INFO - [2024-01-29T04:41:30.015+0530] {dagbag.py:538} INFO - Filling up the DagBag from /home/hdu/airflow/dags/7-create-dag-execute-scripts2.py
[2024-01-29T04:41:30.037+0530] {processor.py:840} INFO - DAG(s) 'dag_exec_scripts2_v0' retrieved from /home/hdu/airflow/dags/7-create-dag-execute-scripts2.py
[2024-01-29T04:41:30.114+0530] {logging_mixin.py:188} INFO - [2024-01-29T04:41:30.113+0530] {dag.py:3036} INFO - Sync 1 DAGs
[2024-01-29T04:41:30.189+0530] {logging_mixin.py:188} INFO - [2024-01-29T04:41:30.188+0530] {dag.py:3823} INFO - Setting next_dagrun for dag_exec_scripts2_v0 to None, run_after=None
[2024-01-29T04:41:30.254+0530] {processor.py:183} INFO - Processing /home/hdu/airflow/dags/7-create-dag-execute-scripts2.py took 0.251 seconds
[2024-01-29T04:42:00.902+0530] {processor.py:161} INFO - Started process (PID=13917) to work on /home/hdu/airflow/dags/7-create-dag-execute-scripts2.py
[2024-01-29T04:42:00.907+0530] {processor.py:830} INFO - Processing file /home/hdu/airflow/dags/7-create-dag-execute-scripts2.py for tasks to queue
[2024-01-29T04:42:00.909+0530] {logging_mixin.py:188} INFO - [2024-01-29T04:42:00.908+0530] {dagbag.py:538} INFO - Filling up the DagBag from /home/hdu/airflow/dags/7-create-dag-execute-scripts2.py
[2024-01-29T04:42:00.926+0530] {processor.py:840} INFO - DAG(s) 'dag_exec_scripts2_v0' retrieved from /home/hdu/airflow/dags/7-create-dag-execute-scripts2.py
[2024-01-29T04:42:00.973+0530] {logging_mixin.py:188} INFO - [2024-01-29T04:42:00.973+0530] {dag.py:3036} INFO - Sync 1 DAGs
[2024-01-29T04:42:01.008+0530] {logging_mixin.py:188} INFO - [2024-01-29T04:42:01.007+0530] {dag.py:3823} INFO - Setting next_dagrun for dag_exec_scripts2_v0 to None, run_after=None
[2024-01-29T04:42:01.051+0530] {processor.py:183} INFO - Processing /home/hdu/airflow/dags/7-create-dag-execute-scripts2.py took 0.153 seconds
[2024-01-29T04:44:18.760+0530] {processor.py:161} INFO - Started process (PID=14007) to work on /home/hdu/airflow/dags/7-create-dag-execute-scripts2.py
[2024-01-29T04:44:18.764+0530] {processor.py:830} INFO - Processing file /home/hdu/airflow/dags/7-create-dag-execute-scripts2.py for tasks to queue
[2024-01-29T04:44:18.765+0530] {logging_mixin.py:188} INFO - [2024-01-29T04:44:18.765+0530] {dagbag.py:538} INFO - Filling up the DagBag from /home/hdu/airflow/dags/7-create-dag-execute-scripts2.py
[2024-01-29T04:44:18.781+0530] {processor.py:840} INFO - DAG(s) 'dag_exec_scripts2_v1' retrieved from /home/hdu/airflow/dags/7-create-dag-execute-scripts2.py
[2024-01-29T04:44:18.787+0530] {logging_mixin.py:188} INFO - [2024-01-29T04:44:18.787+0530] {dag.py:3036} INFO - Sync 1 DAGs
[2024-01-29T04:44:18.809+0530] {logging_mixin.py:188} INFO - [2024-01-29T04:44:18.809+0530] {dag.py:3823} INFO - Setting next_dagrun for dag_exec_scripts2_v1 to 2024-01-27 00:00:00+00:00, run_after=2024-01-27 00:00:00+00:00
[2024-01-29T04:44:18.838+0530] {processor.py:183} INFO - Processing /home/hdu/airflow/dags/7-create-dag-execute-scripts2.py took 0.080 seconds
[2024-01-29T04:44:49.801+0530] {processor.py:161} INFO - Started process (PID=14035) to work on /home/hdu/airflow/dags/7-create-dag-execute-scripts2.py
[2024-01-29T04:44:49.802+0530] {processor.py:830} INFO - Processing file /home/hdu/airflow/dags/7-create-dag-execute-scripts2.py for tasks to queue
[2024-01-29T04:44:49.803+0530] {logging_mixin.py:188} INFO - [2024-01-29T04:44:49.803+0530] {dagbag.py:538} INFO - Filling up the DagBag from /home/hdu/airflow/dags/7-create-dag-execute-scripts2.py
[2024-01-29T04:44:49.820+0530] {processor.py:840} INFO - DAG(s) 'dag_exec_scripts2_v1' retrieved from /home/hdu/airflow/dags/7-create-dag-execute-scripts2.py
[2024-01-29T04:44:49.970+0530] {logging_mixin.py:188} INFO - [2024-01-29T04:44:49.970+0530] {dag.py:3036} INFO - Sync 1 DAGs
[2024-01-29T04:44:49.996+0530] {logging_mixin.py:188} INFO - [2024-01-29T04:44:49.995+0530] {dag.py:3823} INFO - Setting next_dagrun for dag_exec_scripts2_v1 to None, run_after=None
[2024-01-29T04:44:50.026+0530] {processor.py:183} INFO - Processing /home/hdu/airflow/dags/7-create-dag-execute-scripts2.py took 0.228 seconds
[2024-01-29T04:45:20.587+0530] {processor.py:161} INFO - Started process (PID=14043) to work on /home/hdu/airflow/dags/7-create-dag-execute-scripts2.py
[2024-01-29T04:45:20.594+0530] {processor.py:830} INFO - Processing file /home/hdu/airflow/dags/7-create-dag-execute-scripts2.py for tasks to queue
[2024-01-29T04:45:20.595+0530] {logging_mixin.py:188} INFO - [2024-01-29T04:45:20.594+0530] {dagbag.py:538} INFO - Filling up the DagBag from /home/hdu/airflow/dags/7-create-dag-execute-scripts2.py
[2024-01-29T04:45:20.614+0530] {processor.py:840} INFO - DAG(s) 'dag_exec_scripts2_v1' retrieved from /home/hdu/airflow/dags/7-create-dag-execute-scripts2.py
[2024-01-29T04:45:20.669+0530] {logging_mixin.py:188} INFO - [2024-01-29T04:45:20.665+0530] {dag.py:3036} INFO - Sync 1 DAGs
[2024-01-29T04:45:20.706+0530] {logging_mixin.py:188} INFO - [2024-01-29T04:45:20.705+0530] {dag.py:3823} INFO - Setting next_dagrun for dag_exec_scripts2_v1 to None, run_after=None
[2024-01-29T04:45:20.746+0530] {processor.py:183} INFO - Processing /home/hdu/airflow/dags/7-create-dag-execute-scripts2.py took 0.164 seconds
[2024-01-29T04:45:50.318+0530] {processor.py:161} INFO - Started process (PID=14063) to work on /home/hdu/airflow/dags/7-create-dag-execute-scripts2.py
[2024-01-29T04:45:50.319+0530] {processor.py:830} INFO - Processing file /home/hdu/airflow/dags/7-create-dag-execute-scripts2.py for tasks to queue
[2024-01-29T04:45:50.320+0530] {logging_mixin.py:188} INFO - [2024-01-29T04:45:50.320+0530] {dagbag.py:538} INFO - Filling up the DagBag from /home/hdu/airflow/dags/7-create-dag-execute-scripts2.py
[2024-01-29T04:45:50.346+0530] {processor.py:840} INFO - DAG(s) 'dag_exec_scripts2_v1' retrieved from /home/hdu/airflow/dags/7-create-dag-execute-scripts2.py
[2024-01-29T04:45:50.500+0530] {logging_mixin.py:188} INFO - [2024-01-29T04:45:50.500+0530] {dag.py:3036} INFO - Sync 1 DAGs
[2024-01-29T04:45:50.518+0530] {logging_mixin.py:188} INFO - [2024-01-29T04:45:50.518+0530] {dag.py:3058} INFO - Creating ORM DAG for dag_exec_scripts2_v1
[2024-01-29T04:45:50.535+0530] {logging_mixin.py:188} INFO - [2024-01-29T04:45:50.534+0530] {dag.py:3823} INFO - Setting next_dagrun for dag_exec_scripts2_v1 to 2024-01-27 00:00:00+00:00, run_after=2024-01-27 00:00:00+00:00
[2024-01-29T04:45:50.565+0530] {processor.py:183} INFO - Processing /home/hdu/airflow/dags/7-create-dag-execute-scripts2.py took 0.257 seconds
[2024-01-29T04:46:21.047+0530] {processor.py:161} INFO - Started process (PID=14094) to work on /home/hdu/airflow/dags/7-create-dag-execute-scripts2.py
[2024-01-29T04:46:21.049+0530] {processor.py:830} INFO - Processing file /home/hdu/airflow/dags/7-create-dag-execute-scripts2.py for tasks to queue
[2024-01-29T04:46:21.050+0530] {logging_mixin.py:188} INFO - [2024-01-29T04:46:21.050+0530] {dagbag.py:538} INFO - Filling up the DagBag from /home/hdu/airflow/dags/7-create-dag-execute-scripts2.py
[2024-01-29T04:46:21.131+0530] {processor.py:840} INFO - DAG(s) 'dag_exec_scripts2_v1' retrieved from /home/hdu/airflow/dags/7-create-dag-execute-scripts2.py
[2024-01-29T04:46:21.202+0530] {logging_mixin.py:188} INFO - [2024-01-29T04:46:21.201+0530] {dag.py:3036} INFO - Sync 1 DAGs
[2024-01-29T04:46:21.251+0530] {logging_mixin.py:188} INFO - [2024-01-29T04:46:21.251+0530] {dag.py:3823} INFO - Setting next_dagrun for dag_exec_scripts2_v1 to 2024-01-27 00:00:00+00:00, run_after=2024-01-27 00:00:00+00:00
[2024-01-29T04:46:21.285+0530] {processor.py:183} INFO - Processing /home/hdu/airflow/dags/7-create-dag-execute-scripts2.py took 0.263 seconds
[2024-01-29T04:46:51.515+0530] {processor.py:161} INFO - Started process (PID=14112) to work on /home/hdu/airflow/dags/7-create-dag-execute-scripts2.py
[2024-01-29T04:46:51.517+0530] {processor.py:830} INFO - Processing file /home/hdu/airflow/dags/7-create-dag-execute-scripts2.py for tasks to queue
[2024-01-29T04:46:51.521+0530] {logging_mixin.py:188} INFO - [2024-01-29T04:46:51.519+0530] {dagbag.py:538} INFO - Filling up the DagBag from /home/hdu/airflow/dags/7-create-dag-execute-scripts2.py
[2024-01-29T04:46:51.547+0530] {processor.py:840} INFO - DAG(s) 'dag_exec_scripts2_v1' retrieved from /home/hdu/airflow/dags/7-create-dag-execute-scripts2.py
[2024-01-29T04:46:51.602+0530] {logging_mixin.py:188} INFO - [2024-01-29T04:46:51.602+0530] {dag.py:3036} INFO - Sync 1 DAGs
[2024-01-29T04:46:51.651+0530] {logging_mixin.py:188} INFO - [2024-01-29T04:46:51.650+0530] {dag.py:3823} INFO - Setting next_dagrun for dag_exec_scripts2_v1 to None, run_after=None
[2024-01-29T04:46:51.695+0530] {processor.py:183} INFO - Processing /home/hdu/airflow/dags/7-create-dag-execute-scripts2.py took 0.183 seconds
[2024-01-29T04:47:21.839+0530] {processor.py:161} INFO - Started process (PID=14125) to work on /home/hdu/airflow/dags/7-create-dag-execute-scripts2.py
[2024-01-29T04:47:21.844+0530] {processor.py:830} INFO - Processing file /home/hdu/airflow/dags/7-create-dag-execute-scripts2.py for tasks to queue
[2024-01-29T04:47:21.845+0530] {logging_mixin.py:188} INFO - [2024-01-29T04:47:21.844+0530] {dagbag.py:538} INFO - Filling up the DagBag from /home/hdu/airflow/dags/7-create-dag-execute-scripts2.py
[2024-01-29T04:47:21.859+0530] {processor.py:840} INFO - DAG(s) 'dag_exec_scripts2_v1' retrieved from /home/hdu/airflow/dags/7-create-dag-execute-scripts2.py
[2024-01-29T04:47:21.986+0530] {logging_mixin.py:188} INFO - [2024-01-29T04:47:21.986+0530] {dag.py:3036} INFO - Sync 1 DAGs
[2024-01-29T04:47:21.998+0530] {logging_mixin.py:188} INFO - [2024-01-29T04:47:21.998+0530] {dag.py:3058} INFO - Creating ORM DAG for dag_exec_scripts2_v1
[2024-01-29T04:47:22.008+0530] {logging_mixin.py:188} INFO - [2024-01-29T04:47:22.007+0530] {dag.py:3823} INFO - Setting next_dagrun for dag_exec_scripts2_v1 to 2024-01-27 00:00:00+00:00, run_after=2024-01-27 00:00:00+00:00
[2024-01-29T04:47:22.050+0530] {processor.py:183} INFO - Processing /home/hdu/airflow/dags/7-create-dag-execute-scripts2.py took 0.214 seconds
[2024-01-29T04:47:45.201+0530] {processor.py:161} INFO - Started process (PID=14139) to work on /home/hdu/airflow/dags/7-create-dag-execute-scripts2.py
[2024-01-29T04:47:45.202+0530] {processor.py:830} INFO - Processing file /home/hdu/airflow/dags/7-create-dag-execute-scripts2.py for tasks to queue
[2024-01-29T04:47:45.203+0530] {logging_mixin.py:188} INFO - [2024-01-29T04:47:45.203+0530] {dagbag.py:538} INFO - Filling up the DagBag from /home/hdu/airflow/dags/7-create-dag-execute-scripts2.py
[2024-01-29T04:47:45.216+0530] {processor.py:840} INFO - DAG(s) 'dag_exec_scripts2_v1' retrieved from /home/hdu/airflow/dags/7-create-dag-execute-scripts2.py
[2024-01-29T04:47:45.224+0530] {logging_mixin.py:188} INFO - [2024-01-29T04:47:45.223+0530] {dag.py:3036} INFO - Sync 1 DAGs
[2024-01-29T04:47:45.247+0530] {logging_mixin.py:188} INFO - [2024-01-29T04:47:45.247+0530] {dag.py:3823} INFO - Setting next_dagrun for dag_exec_scripts2_v1 to 2024-01-27 00:00:00+00:00, run_after=2024-01-27 00:00:00+00:00
[2024-01-29T04:47:45.273+0530] {processor.py:183} INFO - Processing /home/hdu/airflow/dags/7-create-dag-execute-scripts2.py took 0.076 seconds
[2024-01-29T04:48:15.968+0530] {processor.py:161} INFO - Started process (PID=14161) to work on /home/hdu/airflow/dags/7-create-dag-execute-scripts2.py
[2024-01-29T04:48:15.973+0530] {processor.py:830} INFO - Processing file /home/hdu/airflow/dags/7-create-dag-execute-scripts2.py for tasks to queue
[2024-01-29T04:48:15.975+0530] {logging_mixin.py:188} INFO - [2024-01-29T04:48:15.974+0530] {dagbag.py:538} INFO - Filling up the DagBag from /home/hdu/airflow/dags/7-create-dag-execute-scripts2.py
[2024-01-29T04:48:15.998+0530] {processor.py:840} INFO - DAG(s) 'dag_exec_scripts2_v1' retrieved from /home/hdu/airflow/dags/7-create-dag-execute-scripts2.py
[2024-01-29T04:48:16.120+0530] {logging_mixin.py:188} INFO - [2024-01-29T04:48:16.120+0530] {dag.py:3036} INFO - Sync 1 DAGs
[2024-01-29T04:48:16.237+0530] {logging_mixin.py:188} INFO - [2024-01-29T04:48:16.237+0530] {dag.py:3823} INFO - Setting next_dagrun for dag_exec_scripts2_v1 to None, run_after=None
[2024-01-29T04:48:16.282+0530] {processor.py:183} INFO - Processing /home/hdu/airflow/dags/7-create-dag-execute-scripts2.py took 0.322 seconds
[2024-01-29T04:48:46.776+0530] {processor.py:161} INFO - Started process (PID=14186) to work on /home/hdu/airflow/dags/7-create-dag-execute-scripts2.py
[2024-01-29T04:48:46.777+0530] {processor.py:830} INFO - Processing file /home/hdu/airflow/dags/7-create-dag-execute-scripts2.py for tasks to queue
[2024-01-29T04:48:46.778+0530] {logging_mixin.py:188} INFO - [2024-01-29T04:48:46.778+0530] {dagbag.py:538} INFO - Filling up the DagBag from /home/hdu/airflow/dags/7-create-dag-execute-scripts2.py
[2024-01-29T04:48:46.790+0530] {processor.py:840} INFO - DAG(s) 'dag_exec_scripts2_v1' retrieved from /home/hdu/airflow/dags/7-create-dag-execute-scripts2.py
[2024-01-29T04:48:46.816+0530] {logging_mixin.py:188} INFO - [2024-01-29T04:48:46.815+0530] {dag.py:3036} INFO - Sync 1 DAGs
[2024-01-29T04:48:46.838+0530] {logging_mixin.py:188} INFO - [2024-01-29T04:48:46.838+0530] {dag.py:3823} INFO - Setting next_dagrun for dag_exec_scripts2_v1 to None, run_after=None
[2024-01-29T04:48:46.865+0530] {processor.py:183} INFO - Processing /home/hdu/airflow/dags/7-create-dag-execute-scripts2.py took 0.092 seconds
[2024-01-29T04:49:17.420+0530] {processor.py:161} INFO - Started process (PID=14193) to work on /home/hdu/airflow/dags/7-create-dag-execute-scripts2.py
[2024-01-29T04:49:17.422+0530] {processor.py:830} INFO - Processing file /home/hdu/airflow/dags/7-create-dag-execute-scripts2.py for tasks to queue
[2024-01-29T04:49:17.423+0530] {logging_mixin.py:188} INFO - [2024-01-29T04:49:17.422+0530] {dagbag.py:538} INFO - Filling up the DagBag from /home/hdu/airflow/dags/7-create-dag-execute-scripts2.py
[2024-01-29T04:49:17.434+0530] {processor.py:840} INFO - DAG(s) 'dag_exec_scripts2_v1' retrieved from /home/hdu/airflow/dags/7-create-dag-execute-scripts2.py
[2024-01-29T04:49:17.457+0530] {logging_mixin.py:188} INFO - [2024-01-29T04:49:17.457+0530] {dag.py:3036} INFO - Sync 1 DAGs
[2024-01-29T04:49:17.480+0530] {logging_mixin.py:188} INFO - [2024-01-29T04:49:17.480+0530] {dag.py:3823} INFO - Setting next_dagrun for dag_exec_scripts2_v1 to None, run_after=None
[2024-01-29T04:49:17.507+0530] {processor.py:183} INFO - Processing /home/hdu/airflow/dags/7-create-dag-execute-scripts2.py took 0.091 seconds
[2024-01-29T04:49:48.225+0530] {processor.py:161} INFO - Started process (PID=14200) to work on /home/hdu/airflow/dags/7-create-dag-execute-scripts2.py
[2024-01-29T04:49:48.226+0530] {processor.py:830} INFO - Processing file /home/hdu/airflow/dags/7-create-dag-execute-scripts2.py for tasks to queue
[2024-01-29T04:49:48.227+0530] {logging_mixin.py:188} INFO - [2024-01-29T04:49:48.227+0530] {dagbag.py:538} INFO - Filling up the DagBag from /home/hdu/airflow/dags/7-create-dag-execute-scripts2.py
[2024-01-29T04:49:48.239+0530] {processor.py:840} INFO - DAG(s) 'dag_exec_scripts2_v1' retrieved from /home/hdu/airflow/dags/7-create-dag-execute-scripts2.py
[2024-01-29T04:49:48.262+0530] {logging_mixin.py:188} INFO - [2024-01-29T04:49:48.261+0530] {dag.py:3036} INFO - Sync 1 DAGs
[2024-01-29T04:49:48.290+0530] {logging_mixin.py:188} INFO - [2024-01-29T04:49:48.290+0530] {dag.py:3823} INFO - Setting next_dagrun for dag_exec_scripts2_v1 to None, run_after=None
[2024-01-29T04:49:48.319+0530] {processor.py:183} INFO - Processing /home/hdu/airflow/dags/7-create-dag-execute-scripts2.py took 0.097 seconds
[2024-01-29T04:50:18.811+0530] {processor.py:161} INFO - Started process (PID=14207) to work on /home/hdu/airflow/dags/7-create-dag-execute-scripts2.py
[2024-01-29T04:50:18.812+0530] {processor.py:830} INFO - Processing file /home/hdu/airflow/dags/7-create-dag-execute-scripts2.py for tasks to queue
[2024-01-29T04:50:18.813+0530] {logging_mixin.py:188} INFO - [2024-01-29T04:50:18.812+0530] {dagbag.py:538} INFO - Filling up the DagBag from /home/hdu/airflow/dags/7-create-dag-execute-scripts2.py
[2024-01-29T04:50:18.828+0530] {processor.py:840} INFO - DAG(s) 'dag_exec_scripts2_v1' retrieved from /home/hdu/airflow/dags/7-create-dag-execute-scripts2.py
[2024-01-29T04:50:18.853+0530] {logging_mixin.py:188} INFO - [2024-01-29T04:50:18.853+0530] {dag.py:3036} INFO - Sync 1 DAGs
[2024-01-29T04:50:18.882+0530] {logging_mixin.py:188} INFO - [2024-01-29T04:50:18.882+0530] {dag.py:3823} INFO - Setting next_dagrun for dag_exec_scripts2_v1 to None, run_after=None
[2024-01-29T04:50:18.915+0530] {processor.py:183} INFO - Processing /home/hdu/airflow/dags/7-create-dag-execute-scripts2.py took 0.108 seconds
[2024-01-29T04:50:49.487+0530] {processor.py:161} INFO - Started process (PID=14218) to work on /home/hdu/airflow/dags/7-create-dag-execute-scripts2.py
[2024-01-29T04:50:49.491+0530] {processor.py:830} INFO - Processing file /home/hdu/airflow/dags/7-create-dag-execute-scripts2.py for tasks to queue
[2024-01-29T04:50:49.492+0530] {logging_mixin.py:188} INFO - [2024-01-29T04:50:49.492+0530] {dagbag.py:538} INFO - Filling up the DagBag from /home/hdu/airflow/dags/7-create-dag-execute-scripts2.py
[2024-01-29T04:50:49.506+0530] {processor.py:840} INFO - DAG(s) 'dag_exec_scripts2_v1' retrieved from /home/hdu/airflow/dags/7-create-dag-execute-scripts2.py
[2024-01-29T04:50:49.530+0530] {logging_mixin.py:188} INFO - [2024-01-29T04:50:49.530+0530] {dag.py:3036} INFO - Sync 1 DAGs
[2024-01-29T04:50:49.561+0530] {logging_mixin.py:188} INFO - [2024-01-29T04:50:49.561+0530] {dag.py:3823} INFO - Setting next_dagrun for dag_exec_scripts2_v1 to None, run_after=None
[2024-01-29T04:50:49.596+0530] {processor.py:183} INFO - Processing /home/hdu/airflow/dags/7-create-dag-execute-scripts2.py took 0.114 seconds
[2024-01-29T04:51:20.188+0530] {processor.py:161} INFO - Started process (PID=14227) to work on /home/hdu/airflow/dags/7-create-dag-execute-scripts2.py
[2024-01-29T04:51:20.189+0530] {processor.py:830} INFO - Processing file /home/hdu/airflow/dags/7-create-dag-execute-scripts2.py for tasks to queue
[2024-01-29T04:51:20.191+0530] {logging_mixin.py:188} INFO - [2024-01-29T04:51:20.190+0530] {dagbag.py:538} INFO - Filling up the DagBag from /home/hdu/airflow/dags/7-create-dag-execute-scripts2.py
[2024-01-29T04:51:20.208+0530] {processor.py:840} INFO - DAG(s) 'dag_exec_scripts2_v1' retrieved from /home/hdu/airflow/dags/7-create-dag-execute-scripts2.py
[2024-01-29T04:51:20.242+0530] {logging_mixin.py:188} INFO - [2024-01-29T04:51:20.241+0530] {dag.py:3036} INFO - Sync 1 DAGs
[2024-01-29T04:51:20.282+0530] {logging_mixin.py:188} INFO - [2024-01-29T04:51:20.282+0530] {dag.py:3823} INFO - Setting next_dagrun for dag_exec_scripts2_v1 to None, run_after=None
[2024-01-29T04:51:20.327+0530] {processor.py:183} INFO - Processing /home/hdu/airflow/dags/7-create-dag-execute-scripts2.py took 0.146 seconds
[2024-01-29T04:51:51.026+0530] {processor.py:161} INFO - Started process (PID=14234) to work on /home/hdu/airflow/dags/7-create-dag-execute-scripts2.py
[2024-01-29T04:51:51.028+0530] {processor.py:830} INFO - Processing file /home/hdu/airflow/dags/7-create-dag-execute-scripts2.py for tasks to queue
[2024-01-29T04:51:51.033+0530] {logging_mixin.py:188} INFO - [2024-01-29T04:51:51.030+0530] {dagbag.py:538} INFO - Filling up the DagBag from /home/hdu/airflow/dags/7-create-dag-execute-scripts2.py
[2024-01-29T04:51:51.062+0530] {processor.py:840} INFO - DAG(s) 'dag_exec_scripts2_v1' retrieved from /home/hdu/airflow/dags/7-create-dag-execute-scripts2.py
[2024-01-29T04:51:51.096+0530] {logging_mixin.py:188} INFO - [2024-01-29T04:51:51.096+0530] {dag.py:3036} INFO - Sync 1 DAGs
[2024-01-29T04:51:51.136+0530] {logging_mixin.py:188} INFO - [2024-01-29T04:51:51.136+0530] {dag.py:3823} INFO - Setting next_dagrun for dag_exec_scripts2_v1 to None, run_after=None
[2024-01-29T04:51:51.170+0530] {processor.py:183} INFO - Processing /home/hdu/airflow/dags/7-create-dag-execute-scripts2.py took 0.151 seconds
[2024-01-29T04:52:21.563+0530] {processor.py:161} INFO - Started process (PID=14241) to work on /home/hdu/airflow/dags/7-create-dag-execute-scripts2.py
[2024-01-29T04:52:21.564+0530] {processor.py:830} INFO - Processing file /home/hdu/airflow/dags/7-create-dag-execute-scripts2.py for tasks to queue
[2024-01-29T04:52:21.566+0530] {logging_mixin.py:188} INFO - [2024-01-29T04:52:21.565+0530] {dagbag.py:538} INFO - Filling up the DagBag from /home/hdu/airflow/dags/7-create-dag-execute-scripts2.py
[2024-01-29T04:52:21.578+0530] {processor.py:840} INFO - DAG(s) 'dag_exec_scripts2_v1' retrieved from /home/hdu/airflow/dags/7-create-dag-execute-scripts2.py
[2024-01-29T04:52:21.602+0530] {logging_mixin.py:188} INFO - [2024-01-29T04:52:21.601+0530] {dag.py:3036} INFO - Sync 1 DAGs
[2024-01-29T04:52:21.624+0530] {logging_mixin.py:188} INFO - [2024-01-29T04:52:21.624+0530] {dag.py:3823} INFO - Setting next_dagrun for dag_exec_scripts2_v1 to None, run_after=None
[2024-01-29T04:52:21.653+0530] {processor.py:183} INFO - Processing /home/hdu/airflow/dags/7-create-dag-execute-scripts2.py took 0.094 seconds
[2024-01-29T04:52:52.126+0530] {processor.py:161} INFO - Started process (PID=14248) to work on /home/hdu/airflow/dags/7-create-dag-execute-scripts2.py
[2024-01-29T04:52:52.128+0530] {processor.py:830} INFO - Processing file /home/hdu/airflow/dags/7-create-dag-execute-scripts2.py for tasks to queue
[2024-01-29T04:52:52.129+0530] {logging_mixin.py:188} INFO - [2024-01-29T04:52:52.129+0530] {dagbag.py:538} INFO - Filling up the DagBag from /home/hdu/airflow/dags/7-create-dag-execute-scripts2.py
[2024-01-29T04:52:52.141+0530] {processor.py:840} INFO - DAG(s) 'dag_exec_scripts2_v1' retrieved from /home/hdu/airflow/dags/7-create-dag-execute-scripts2.py
[2024-01-29T04:52:52.164+0530] {logging_mixin.py:188} INFO - [2024-01-29T04:52:52.163+0530] {dag.py:3036} INFO - Sync 1 DAGs
[2024-01-29T04:52:52.187+0530] {logging_mixin.py:188} INFO - [2024-01-29T04:52:52.187+0530] {dag.py:3823} INFO - Setting next_dagrun for dag_exec_scripts2_v1 to None, run_after=None
[2024-01-29T04:52:52.212+0530] {processor.py:183} INFO - Processing /home/hdu/airflow/dags/7-create-dag-execute-scripts2.py took 0.088 seconds
[2024-01-29T04:53:22.728+0530] {processor.py:161} INFO - Started process (PID=14255) to work on /home/hdu/airflow/dags/7-create-dag-execute-scripts2.py
[2024-01-29T04:53:22.729+0530] {processor.py:830} INFO - Processing file /home/hdu/airflow/dags/7-create-dag-execute-scripts2.py for tasks to queue
[2024-01-29T04:53:22.731+0530] {logging_mixin.py:188} INFO - [2024-01-29T04:53:22.730+0530] {dagbag.py:538} INFO - Filling up the DagBag from /home/hdu/airflow/dags/7-create-dag-execute-scripts2.py
[2024-01-29T04:53:22.750+0530] {processor.py:840} INFO - DAG(s) 'dag_exec_scripts2_v1' retrieved from /home/hdu/airflow/dags/7-create-dag-execute-scripts2.py
[2024-01-29T04:53:22.785+0530] {logging_mixin.py:188} INFO - [2024-01-29T04:53:22.785+0530] {dag.py:3036} INFO - Sync 1 DAGs
[2024-01-29T04:53:22.829+0530] {logging_mixin.py:188} INFO - [2024-01-29T04:53:22.828+0530] {dag.py:3823} INFO - Setting next_dagrun for dag_exec_scripts2_v1 to None, run_after=None
[2024-01-29T04:53:22.873+0530] {processor.py:183} INFO - Processing /home/hdu/airflow/dags/7-create-dag-execute-scripts2.py took 0.152 seconds
[2024-01-29T04:53:53.198+0530] {processor.py:161} INFO - Started process (PID=14267) to work on /home/hdu/airflow/dags/7-create-dag-execute-scripts2.py
[2024-01-29T04:53:53.199+0530] {processor.py:830} INFO - Processing file /home/hdu/airflow/dags/7-create-dag-execute-scripts2.py for tasks to queue
[2024-01-29T04:53:53.200+0530] {logging_mixin.py:188} INFO - [2024-01-29T04:53:53.200+0530] {dagbag.py:538} INFO - Filling up the DagBag from /home/hdu/airflow/dags/7-create-dag-execute-scripts2.py
[2024-01-29T04:53:53.214+0530] {processor.py:840} INFO - DAG(s) 'dag_exec_scripts2_v1' retrieved from /home/hdu/airflow/dags/7-create-dag-execute-scripts2.py
[2024-01-29T04:53:53.239+0530] {logging_mixin.py:188} INFO - [2024-01-29T04:53:53.239+0530] {dag.py:3036} INFO - Sync 1 DAGs
[2024-01-29T04:53:53.266+0530] {logging_mixin.py:188} INFO - [2024-01-29T04:53:53.266+0530] {dag.py:3823} INFO - Setting next_dagrun for dag_exec_scripts2_v1 to None, run_after=None
[2024-01-29T04:53:53.304+0530] {processor.py:183} INFO - Processing /home/hdu/airflow/dags/7-create-dag-execute-scripts2.py took 0.109 seconds
[2024-01-29T04:54:23.609+0530] {processor.py:161} INFO - Started process (PID=14274) to work on /home/hdu/airflow/dags/7-create-dag-execute-scripts2.py
[2024-01-29T04:54:23.610+0530] {processor.py:830} INFO - Processing file /home/hdu/airflow/dags/7-create-dag-execute-scripts2.py for tasks to queue
[2024-01-29T04:54:23.611+0530] {logging_mixin.py:188} INFO - [2024-01-29T04:54:23.610+0530] {dagbag.py:538} INFO - Filling up the DagBag from /home/hdu/airflow/dags/7-create-dag-execute-scripts2.py
[2024-01-29T04:54:23.623+0530] {processor.py:840} INFO - DAG(s) 'dag_exec_scripts2_v1' retrieved from /home/hdu/airflow/dags/7-create-dag-execute-scripts2.py
[2024-01-29T04:54:23.647+0530] {logging_mixin.py:188} INFO - [2024-01-29T04:54:23.647+0530] {dag.py:3036} INFO - Sync 1 DAGs
[2024-01-29T04:54:23.676+0530] {logging_mixin.py:188} INFO - [2024-01-29T04:54:23.675+0530] {dag.py:3823} INFO - Setting next_dagrun for dag_exec_scripts2_v1 to None, run_after=None
[2024-01-29T04:54:23.702+0530] {processor.py:183} INFO - Processing /home/hdu/airflow/dags/7-create-dag-execute-scripts2.py took 0.097 seconds
[2024-01-29T04:54:54.081+0530] {processor.py:161} INFO - Started process (PID=14282) to work on /home/hdu/airflow/dags/7-create-dag-execute-scripts2.py
[2024-01-29T04:54:54.085+0530] {processor.py:830} INFO - Processing file /home/hdu/airflow/dags/7-create-dag-execute-scripts2.py for tasks to queue
[2024-01-29T04:54:54.086+0530] {logging_mixin.py:188} INFO - [2024-01-29T04:54:54.086+0530] {dagbag.py:538} INFO - Filling up the DagBag from /home/hdu/airflow/dags/7-create-dag-execute-scripts2.py
[2024-01-29T04:54:54.100+0530] {processor.py:840} INFO - DAG(s) 'dag_exec_scripts2_v1' retrieved from /home/hdu/airflow/dags/7-create-dag-execute-scripts2.py
[2024-01-29T04:54:54.123+0530] {logging_mixin.py:188} INFO - [2024-01-29T04:54:54.122+0530] {dag.py:3036} INFO - Sync 1 DAGs
[2024-01-29T04:54:54.146+0530] {logging_mixin.py:188} INFO - [2024-01-29T04:54:54.145+0530] {dag.py:3823} INFO - Setting next_dagrun for dag_exec_scripts2_v1 to None, run_after=None
[2024-01-29T04:54:54.174+0530] {processor.py:183} INFO - Processing /home/hdu/airflow/dags/7-create-dag-execute-scripts2.py took 0.097 seconds
[2024-01-29T04:55:24.829+0530] {processor.py:161} INFO - Started process (PID=14289) to work on /home/hdu/airflow/dags/7-create-dag-execute-scripts2.py
[2024-01-29T04:55:24.831+0530] {processor.py:830} INFO - Processing file /home/hdu/airflow/dags/7-create-dag-execute-scripts2.py for tasks to queue
[2024-01-29T04:55:24.832+0530] {logging_mixin.py:188} INFO - [2024-01-29T04:55:24.832+0530] {dagbag.py:538} INFO - Filling up the DagBag from /home/hdu/airflow/dags/7-create-dag-execute-scripts2.py
[2024-01-29T04:55:24.849+0530] {processor.py:840} INFO - DAG(s) 'dag_exec_scripts2_v1' retrieved from /home/hdu/airflow/dags/7-create-dag-execute-scripts2.py
[2024-01-29T04:55:24.884+0530] {logging_mixin.py:188} INFO - [2024-01-29T04:55:24.884+0530] {dag.py:3036} INFO - Sync 1 DAGs
[2024-01-29T04:55:24.911+0530] {logging_mixin.py:188} INFO - [2024-01-29T04:55:24.911+0530] {dag.py:3823} INFO - Setting next_dagrun for dag_exec_scripts2_v1 to None, run_after=None
[2024-01-29T04:55:24.940+0530] {processor.py:183} INFO - Processing /home/hdu/airflow/dags/7-create-dag-execute-scripts2.py took 0.117 seconds
[2024-01-29T04:55:55.437+0530] {processor.py:161} INFO - Started process (PID=14302) to work on /home/hdu/airflow/dags/7-create-dag-execute-scripts2.py
[2024-01-29T04:55:55.438+0530] {processor.py:830} INFO - Processing file /home/hdu/airflow/dags/7-create-dag-execute-scripts2.py for tasks to queue
[2024-01-29T04:55:55.440+0530] {logging_mixin.py:188} INFO - [2024-01-29T04:55:55.439+0530] {dagbag.py:538} INFO - Filling up the DagBag from /home/hdu/airflow/dags/7-create-dag-execute-scripts2.py
[2024-01-29T04:55:55.453+0530] {processor.py:840} INFO - DAG(s) 'dag_exec_scripts2_v1' retrieved from /home/hdu/airflow/dags/7-create-dag-execute-scripts2.py
[2024-01-29T04:55:55.478+0530] {logging_mixin.py:188} INFO - [2024-01-29T04:55:55.478+0530] {dag.py:3036} INFO - Sync 1 DAGs
[2024-01-29T04:55:55.501+0530] {logging_mixin.py:188} INFO - [2024-01-29T04:55:55.501+0530] {dag.py:3823} INFO - Setting next_dagrun for dag_exec_scripts2_v1 to None, run_after=None
[2024-01-29T04:55:55.528+0530] {processor.py:183} INFO - Processing /home/hdu/airflow/dags/7-create-dag-execute-scripts2.py took 0.095 seconds
[2024-01-29T04:56:25.861+0530] {processor.py:161} INFO - Started process (PID=14309) to work on /home/hdu/airflow/dags/7-create-dag-execute-scripts2.py
[2024-01-29T04:56:25.862+0530] {processor.py:830} INFO - Processing file /home/hdu/airflow/dags/7-create-dag-execute-scripts2.py for tasks to queue
[2024-01-29T04:56:25.864+0530] {logging_mixin.py:188} INFO - [2024-01-29T04:56:25.863+0530] {dagbag.py:538} INFO - Filling up the DagBag from /home/hdu/airflow/dags/7-create-dag-execute-scripts2.py
[2024-01-29T04:56:25.881+0530] {processor.py:840} INFO - DAG(s) 'dag_exec_scripts2_v1' retrieved from /home/hdu/airflow/dags/7-create-dag-execute-scripts2.py
[2024-01-29T04:56:25.929+0530] {logging_mixin.py:188} INFO - [2024-01-29T04:56:25.929+0530] {dag.py:3036} INFO - Sync 1 DAGs
[2024-01-29T04:56:25.963+0530] {logging_mixin.py:188} INFO - [2024-01-29T04:56:25.963+0530] {dag.py:3823} INFO - Setting next_dagrun for dag_exec_scripts2_v1 to None, run_after=None
[2024-01-29T04:56:26.001+0530] {processor.py:183} INFO - Processing /home/hdu/airflow/dags/7-create-dag-execute-scripts2.py took 0.144 seconds
[2024-01-29T04:56:56.462+0530] {processor.py:161} INFO - Started process (PID=14316) to work on /home/hdu/airflow/dags/7-create-dag-execute-scripts2.py
[2024-01-29T04:56:56.463+0530] {processor.py:830} INFO - Processing file /home/hdu/airflow/dags/7-create-dag-execute-scripts2.py for tasks to queue
[2024-01-29T04:56:56.464+0530] {logging_mixin.py:188} INFO - [2024-01-29T04:56:56.464+0530] {dagbag.py:538} INFO - Filling up the DagBag from /home/hdu/airflow/dags/7-create-dag-execute-scripts2.py
[2024-01-29T04:56:56.478+0530] {processor.py:840} INFO - DAG(s) 'dag_exec_scripts2_v1' retrieved from /home/hdu/airflow/dags/7-create-dag-execute-scripts2.py
[2024-01-29T04:56:56.504+0530] {logging_mixin.py:188} INFO - [2024-01-29T04:56:56.504+0530] {dag.py:3036} INFO - Sync 1 DAGs
[2024-01-29T04:56:56.538+0530] {logging_mixin.py:188} INFO - [2024-01-29T04:56:56.538+0530] {dag.py:3823} INFO - Setting next_dagrun for dag_exec_scripts2_v1 to None, run_after=None
[2024-01-29T04:56:56.571+0530] {processor.py:183} INFO - Processing /home/hdu/airflow/dags/7-create-dag-execute-scripts2.py took 0.113 seconds
[2024-01-29T04:57:26.824+0530] {processor.py:161} INFO - Started process (PID=14323) to work on /home/hdu/airflow/dags/7-create-dag-execute-scripts2.py
[2024-01-29T04:57:26.825+0530] {processor.py:830} INFO - Processing file /home/hdu/airflow/dags/7-create-dag-execute-scripts2.py for tasks to queue
[2024-01-29T04:57:26.827+0530] {logging_mixin.py:188} INFO - [2024-01-29T04:57:26.826+0530] {dagbag.py:538} INFO - Filling up the DagBag from /home/hdu/airflow/dags/7-create-dag-execute-scripts2.py
[2024-01-29T04:57:26.841+0530] {processor.py:840} INFO - DAG(s) 'dag_exec_scripts2_v1' retrieved from /home/hdu/airflow/dags/7-create-dag-execute-scripts2.py
[2024-01-29T04:57:26.867+0530] {logging_mixin.py:188} INFO - [2024-01-29T04:57:26.867+0530] {dag.py:3036} INFO - Sync 1 DAGs
[2024-01-29T04:57:26.895+0530] {logging_mixin.py:188} INFO - [2024-01-29T04:57:26.895+0530] {dag.py:3823} INFO - Setting next_dagrun for dag_exec_scripts2_v1 to None, run_after=None
[2024-01-29T04:57:26.926+0530] {processor.py:183} INFO - Processing /home/hdu/airflow/dags/7-create-dag-execute-scripts2.py took 0.106 seconds
[2024-01-29T04:57:57.152+0530] {processor.py:161} INFO - Started process (PID=14330) to work on /home/hdu/airflow/dags/7-create-dag-execute-scripts2.py
[2024-01-29T04:57:57.153+0530] {processor.py:830} INFO - Processing file /home/hdu/airflow/dags/7-create-dag-execute-scripts2.py for tasks to queue
[2024-01-29T04:57:57.155+0530] {logging_mixin.py:188} INFO - [2024-01-29T04:57:57.154+0530] {dagbag.py:538} INFO - Filling up the DagBag from /home/hdu/airflow/dags/7-create-dag-execute-scripts2.py
[2024-01-29T04:57:57.168+0530] {processor.py:840} INFO - DAG(s) 'dag_exec_scripts2_v1' retrieved from /home/hdu/airflow/dags/7-create-dag-execute-scripts2.py
[2024-01-29T04:57:57.191+0530] {logging_mixin.py:188} INFO - [2024-01-29T04:57:57.191+0530] {dag.py:3036} INFO - Sync 1 DAGs
[2024-01-29T04:57:57.219+0530] {logging_mixin.py:188} INFO - [2024-01-29T04:57:57.219+0530] {dag.py:3823} INFO - Setting next_dagrun for dag_exec_scripts2_v1 to None, run_after=None
[2024-01-29T04:57:57.246+0530] {processor.py:183} INFO - Processing /home/hdu/airflow/dags/7-create-dag-execute-scripts2.py took 0.097 seconds
[2024-01-29T04:58:27.347+0530] {processor.py:161} INFO - Started process (PID=14337) to work on /home/hdu/airflow/dags/7-create-dag-execute-scripts2.py
[2024-01-29T04:58:27.349+0530] {processor.py:830} INFO - Processing file /home/hdu/airflow/dags/7-create-dag-execute-scripts2.py for tasks to queue
[2024-01-29T04:58:27.350+0530] {logging_mixin.py:188} INFO - [2024-01-29T04:58:27.349+0530] {dagbag.py:538} INFO - Filling up the DagBag from /home/hdu/airflow/dags/7-create-dag-execute-scripts2.py
[2024-01-29T04:58:27.371+0530] {processor.py:840} INFO - DAG(s) 'dag_exec_scripts2_v1' retrieved from /home/hdu/airflow/dags/7-create-dag-execute-scripts2.py
[2024-01-29T04:58:27.413+0530] {logging_mixin.py:188} INFO - [2024-01-29T04:58:27.413+0530] {dag.py:3036} INFO - Sync 1 DAGs
[2024-01-29T04:58:27.467+0530] {logging_mixin.py:188} INFO - [2024-01-29T04:58:27.466+0530] {dag.py:3823} INFO - Setting next_dagrun for dag_exec_scripts2_v1 to None, run_after=None
[2024-01-29T04:58:27.521+0530] {processor.py:183} INFO - Processing /home/hdu/airflow/dags/7-create-dag-execute-scripts2.py took 0.178 seconds
[2024-01-29T04:58:57.722+0530] {processor.py:161} INFO - Started process (PID=14345) to work on /home/hdu/airflow/dags/7-create-dag-execute-scripts2.py
[2024-01-29T04:58:57.724+0530] {processor.py:830} INFO - Processing file /home/hdu/airflow/dags/7-create-dag-execute-scripts2.py for tasks to queue
[2024-01-29T04:58:57.725+0530] {logging_mixin.py:188} INFO - [2024-01-29T04:58:57.724+0530] {dagbag.py:538} INFO - Filling up the DagBag from /home/hdu/airflow/dags/7-create-dag-execute-scripts2.py
[2024-01-29T04:58:57.745+0530] {processor.py:840} INFO - DAG(s) 'dag_exec_scripts2_v1' retrieved from /home/hdu/airflow/dags/7-create-dag-execute-scripts2.py
[2024-01-29T04:58:57.769+0530] {logging_mixin.py:188} INFO - [2024-01-29T04:58:57.769+0530] {dag.py:3036} INFO - Sync 1 DAGs
[2024-01-29T04:58:57.792+0530] {logging_mixin.py:188} INFO - [2024-01-29T04:58:57.791+0530] {dag.py:3823} INFO - Setting next_dagrun for dag_exec_scripts2_v1 to None, run_after=None
[2024-01-29T04:58:57.821+0530] {processor.py:183} INFO - Processing /home/hdu/airflow/dags/7-create-dag-execute-scripts2.py took 0.102 seconds
[2024-01-29T04:59:28.055+0530] {processor.py:161} INFO - Started process (PID=14352) to work on /home/hdu/airflow/dags/7-create-dag-execute-scripts2.py
[2024-01-29T04:59:28.056+0530] {processor.py:830} INFO - Processing file /home/hdu/airflow/dags/7-create-dag-execute-scripts2.py for tasks to queue
[2024-01-29T04:59:28.057+0530] {logging_mixin.py:188} INFO - [2024-01-29T04:59:28.057+0530] {dagbag.py:538} INFO - Filling up the DagBag from /home/hdu/airflow/dags/7-create-dag-execute-scripts2.py
[2024-01-29T04:59:28.076+0530] {processor.py:840} INFO - DAG(s) 'dag_exec_scripts2_v1' retrieved from /home/hdu/airflow/dags/7-create-dag-execute-scripts2.py
[2024-01-29T04:59:28.103+0530] {logging_mixin.py:188} INFO - [2024-01-29T04:59:28.103+0530] {dag.py:3036} INFO - Sync 1 DAGs
[2024-01-29T04:59:28.128+0530] {logging_mixin.py:188} INFO - [2024-01-29T04:59:28.128+0530] {dag.py:3823} INFO - Setting next_dagrun for dag_exec_scripts2_v1 to None, run_after=None
[2024-01-29T04:59:28.157+0530] {processor.py:183} INFO - Processing /home/hdu/airflow/dags/7-create-dag-execute-scripts2.py took 0.107 seconds
[2024-01-29T04:59:58.387+0530] {processor.py:161} INFO - Started process (PID=14360) to work on /home/hdu/airflow/dags/7-create-dag-execute-scripts2.py
[2024-01-29T04:59:58.391+0530] {processor.py:830} INFO - Processing file /home/hdu/airflow/dags/7-create-dag-execute-scripts2.py for tasks to queue
[2024-01-29T04:59:58.393+0530] {logging_mixin.py:188} INFO - [2024-01-29T04:59:58.392+0530] {dagbag.py:538} INFO - Filling up the DagBag from /home/hdu/airflow/dags/7-create-dag-execute-scripts2.py
[2024-01-29T04:59:58.410+0530] {processor.py:840} INFO - DAG(s) 'dag_exec_scripts2_v1' retrieved from /home/hdu/airflow/dags/7-create-dag-execute-scripts2.py
[2024-01-29T04:59:58.445+0530] {logging_mixin.py:188} INFO - [2024-01-29T04:59:58.444+0530] {dag.py:3036} INFO - Sync 1 DAGs
[2024-01-29T04:59:58.484+0530] {logging_mixin.py:188} INFO - [2024-01-29T04:59:58.483+0530] {dag.py:3823} INFO - Setting next_dagrun for dag_exec_scripts2_v1 to None, run_after=None
[2024-01-29T04:59:58.524+0530] {processor.py:183} INFO - Processing /home/hdu/airflow/dags/7-create-dag-execute-scripts2.py took 0.144 seconds
[2024-01-29T05:00:28.713+0530] {processor.py:161} INFO - Started process (PID=14367) to work on /home/hdu/airflow/dags/7-create-dag-execute-scripts2.py
[2024-01-29T05:00:28.715+0530] {processor.py:830} INFO - Processing file /home/hdu/airflow/dags/7-create-dag-execute-scripts2.py for tasks to queue
[2024-01-29T05:00:28.716+0530] {logging_mixin.py:188} INFO - [2024-01-29T05:00:28.715+0530] {dagbag.py:538} INFO - Filling up the DagBag from /home/hdu/airflow/dags/7-create-dag-execute-scripts2.py
[2024-01-29T05:00:28.728+0530] {processor.py:840} INFO - DAG(s) 'dag_exec_scripts2_v1' retrieved from /home/hdu/airflow/dags/7-create-dag-execute-scripts2.py
[2024-01-29T05:00:28.752+0530] {logging_mixin.py:188} INFO - [2024-01-29T05:00:28.752+0530] {dag.py:3036} INFO - Sync 1 DAGs
[2024-01-29T05:00:28.774+0530] {logging_mixin.py:188} INFO - [2024-01-29T05:00:28.774+0530] {dag.py:3823} INFO - Setting next_dagrun for dag_exec_scripts2_v1 to None, run_after=None
[2024-01-29T05:00:28.802+0530] {processor.py:183} INFO - Processing /home/hdu/airflow/dags/7-create-dag-execute-scripts2.py took 0.092 seconds
[2024-01-29T05:00:58.877+0530] {processor.py:161} INFO - Started process (PID=14373) to work on /home/hdu/airflow/dags/7-create-dag-execute-scripts2.py
[2024-01-29T05:00:58.878+0530] {processor.py:830} INFO - Processing file /home/hdu/airflow/dags/7-create-dag-execute-scripts2.py for tasks to queue
[2024-01-29T05:00:58.879+0530] {logging_mixin.py:188} INFO - [2024-01-29T05:00:58.878+0530] {dagbag.py:538} INFO - Filling up the DagBag from /home/hdu/airflow/dags/7-create-dag-execute-scripts2.py
[2024-01-29T05:00:58.891+0530] {processor.py:840} INFO - DAG(s) 'dag_exec_scripts2_v1' retrieved from /home/hdu/airflow/dags/7-create-dag-execute-scripts2.py
[2024-01-29T05:00:58.913+0530] {logging_mixin.py:188} INFO - [2024-01-29T05:00:58.912+0530] {dag.py:3036} INFO - Sync 1 DAGs
[2024-01-29T05:00:58.936+0530] {logging_mixin.py:188} INFO - [2024-01-29T05:00:58.936+0530] {dag.py:3823} INFO - Setting next_dagrun for dag_exec_scripts2_v1 to None, run_after=None
[2024-01-29T05:00:58.967+0530] {processor.py:183} INFO - Processing /home/hdu/airflow/dags/7-create-dag-execute-scripts2.py took 0.093 seconds
[2024-01-29T05:01:29.090+0530] {processor.py:161} INFO - Started process (PID=14381) to work on /home/hdu/airflow/dags/7-create-dag-execute-scripts2.py
[2024-01-29T05:01:29.092+0530] {processor.py:830} INFO - Processing file /home/hdu/airflow/dags/7-create-dag-execute-scripts2.py for tasks to queue
[2024-01-29T05:01:29.093+0530] {logging_mixin.py:188} INFO - [2024-01-29T05:01:29.092+0530] {dagbag.py:538} INFO - Filling up the DagBag from /home/hdu/airflow/dags/7-create-dag-execute-scripts2.py
[2024-01-29T05:01:29.106+0530] {processor.py:840} INFO - DAG(s) 'dag_exec_scripts2_v1' retrieved from /home/hdu/airflow/dags/7-create-dag-execute-scripts2.py
[2024-01-29T05:01:29.133+0530] {logging_mixin.py:188} INFO - [2024-01-29T05:01:29.132+0530] {dag.py:3036} INFO - Sync 1 DAGs
[2024-01-29T05:01:29.155+0530] {logging_mixin.py:188} INFO - [2024-01-29T05:01:29.155+0530] {dag.py:3823} INFO - Setting next_dagrun for dag_exec_scripts2_v1 to None, run_after=None
[2024-01-29T05:01:29.184+0530] {processor.py:183} INFO - Processing /home/hdu/airflow/dags/7-create-dag-execute-scripts2.py took 0.098 seconds
[2024-01-29T05:01:59.405+0530] {processor.py:161} INFO - Started process (PID=14389) to work on /home/hdu/airflow/dags/7-create-dag-execute-scripts2.py
[2024-01-29T05:01:59.407+0530] {processor.py:830} INFO - Processing file /home/hdu/airflow/dags/7-create-dag-execute-scripts2.py for tasks to queue
[2024-01-29T05:01:59.408+0530] {logging_mixin.py:188} INFO - [2024-01-29T05:01:59.407+0530] {dagbag.py:538} INFO - Filling up the DagBag from /home/hdu/airflow/dags/7-create-dag-execute-scripts2.py
[2024-01-29T05:01:59.419+0530] {processor.py:840} INFO - DAG(s) 'dag_exec_scripts2_v1' retrieved from /home/hdu/airflow/dags/7-create-dag-execute-scripts2.py
[2024-01-29T05:01:59.440+0530] {logging_mixin.py:188} INFO - [2024-01-29T05:01:59.440+0530] {dag.py:3036} INFO - Sync 1 DAGs
[2024-01-29T05:01:59.464+0530] {logging_mixin.py:188} INFO - [2024-01-29T05:01:59.464+0530] {dag.py:3823} INFO - Setting next_dagrun for dag_exec_scripts2_v1 to None, run_after=None
[2024-01-29T05:01:59.495+0530] {processor.py:183} INFO - Processing /home/hdu/airflow/dags/7-create-dag-execute-scripts2.py took 0.093 seconds
[2024-01-29T05:02:29.612+0530] {processor.py:161} INFO - Started process (PID=14396) to work on /home/hdu/airflow/dags/7-create-dag-execute-scripts2.py
[2024-01-29T05:02:29.613+0530] {processor.py:830} INFO - Processing file /home/hdu/airflow/dags/7-create-dag-execute-scripts2.py for tasks to queue
[2024-01-29T05:02:29.614+0530] {logging_mixin.py:188} INFO - [2024-01-29T05:02:29.614+0530] {dagbag.py:538} INFO - Filling up the DagBag from /home/hdu/airflow/dags/7-create-dag-execute-scripts2.py
[2024-01-29T05:02:29.627+0530] {processor.py:840} INFO - DAG(s) 'dag_exec_scripts2_v1' retrieved from /home/hdu/airflow/dags/7-create-dag-execute-scripts2.py
[2024-01-29T05:02:29.650+0530] {logging_mixin.py:188} INFO - [2024-01-29T05:02:29.649+0530] {dag.py:3036} INFO - Sync 1 DAGs
[2024-01-29T05:02:29.671+0530] {logging_mixin.py:188} INFO - [2024-01-29T05:02:29.671+0530] {dag.py:3823} INFO - Setting next_dagrun for dag_exec_scripts2_v1 to None, run_after=None
[2024-01-29T05:02:29.695+0530] {processor.py:183} INFO - Processing /home/hdu/airflow/dags/7-create-dag-execute-scripts2.py took 0.087 seconds
[2024-01-29T05:02:59.837+0530] {processor.py:161} INFO - Started process (PID=14403) to work on /home/hdu/airflow/dags/7-create-dag-execute-scripts2.py
[2024-01-29T05:02:59.838+0530] {processor.py:830} INFO - Processing file /home/hdu/airflow/dags/7-create-dag-execute-scripts2.py for tasks to queue
[2024-01-29T05:02:59.840+0530] {logging_mixin.py:188} INFO - [2024-01-29T05:02:59.839+0530] {dagbag.py:538} INFO - Filling up the DagBag from /home/hdu/airflow/dags/7-create-dag-execute-scripts2.py
[2024-01-29T05:02:59.854+0530] {processor.py:840} INFO - DAG(s) 'dag_exec_scripts2_v1' retrieved from /home/hdu/airflow/dags/7-create-dag-execute-scripts2.py
[2024-01-29T05:02:59.877+0530] {logging_mixin.py:188} INFO - [2024-01-29T05:02:59.876+0530] {dag.py:3036} INFO - Sync 1 DAGs
[2024-01-29T05:02:59.903+0530] {logging_mixin.py:188} INFO - [2024-01-29T05:02:59.902+0530] {dag.py:3823} INFO - Setting next_dagrun for dag_exec_scripts2_v1 to None, run_after=None
[2024-01-29T05:02:59.931+0530] {processor.py:183} INFO - Processing /home/hdu/airflow/dags/7-create-dag-execute-scripts2.py took 0.097 seconds
[2024-01-29T05:03:30.080+0530] {processor.py:161} INFO - Started process (PID=14410) to work on /home/hdu/airflow/dags/7-create-dag-execute-scripts2.py
[2024-01-29T05:03:30.082+0530] {processor.py:830} INFO - Processing file /home/hdu/airflow/dags/7-create-dag-execute-scripts2.py for tasks to queue
[2024-01-29T05:03:30.083+0530] {logging_mixin.py:188} INFO - [2024-01-29T05:03:30.083+0530] {dagbag.py:538} INFO - Filling up the DagBag from /home/hdu/airflow/dags/7-create-dag-execute-scripts2.py
[2024-01-29T05:03:30.098+0530] {processor.py:840} INFO - DAG(s) 'dag_exec_scripts2_v1' retrieved from /home/hdu/airflow/dags/7-create-dag-execute-scripts2.py
[2024-01-29T05:03:30.121+0530] {logging_mixin.py:188} INFO - [2024-01-29T05:03:30.120+0530] {dag.py:3036} INFO - Sync 1 DAGs
[2024-01-29T05:03:30.145+0530] {logging_mixin.py:188} INFO - [2024-01-29T05:03:30.145+0530] {dag.py:3823} INFO - Setting next_dagrun for dag_exec_scripts2_v1 to None, run_after=None
[2024-01-29T05:03:30.172+0530] {processor.py:183} INFO - Processing /home/hdu/airflow/dags/7-create-dag-execute-scripts2.py took 0.095 seconds
[2024-01-29T05:04:00.487+0530] {processor.py:161} INFO - Started process (PID=14418) to work on /home/hdu/airflow/dags/7-create-dag-execute-scripts2.py
[2024-01-29T05:04:00.490+0530] {processor.py:830} INFO - Processing file /home/hdu/airflow/dags/7-create-dag-execute-scripts2.py for tasks to queue
[2024-01-29T05:04:00.495+0530] {logging_mixin.py:188} INFO - [2024-01-29T05:04:00.494+0530] {dagbag.py:538} INFO - Filling up the DagBag from /home/hdu/airflow/dags/7-create-dag-execute-scripts2.py
[2024-01-29T05:04:00.512+0530] {processor.py:840} INFO - DAG(s) 'dag_exec_scripts2_v1' retrieved from /home/hdu/airflow/dags/7-create-dag-execute-scripts2.py
[2024-01-29T05:04:00.540+0530] {logging_mixin.py:188} INFO - [2024-01-29T05:04:00.540+0530] {dag.py:3036} INFO - Sync 1 DAGs
[2024-01-29T05:04:00.629+0530] {logging_mixin.py:188} INFO - [2024-01-29T05:04:00.628+0530] {dag.py:3823} INFO - Setting next_dagrun for dag_exec_scripts2_v1 to None, run_after=None
[2024-01-29T05:04:00.687+0530] {processor.py:183} INFO - Processing /home/hdu/airflow/dags/7-create-dag-execute-scripts2.py took 0.204 seconds
[2024-01-29T05:04:31.087+0530] {processor.py:161} INFO - Started process (PID=14471) to work on /home/hdu/airflow/dags/7-create-dag-execute-scripts2.py
[2024-01-29T05:04:31.088+0530] {processor.py:830} INFO - Processing file /home/hdu/airflow/dags/7-create-dag-execute-scripts2.py for tasks to queue
[2024-01-29T05:04:31.089+0530] {logging_mixin.py:188} INFO - [2024-01-29T05:04:31.089+0530] {dagbag.py:538} INFO - Filling up the DagBag from /home/hdu/airflow/dags/7-create-dag-execute-scripts2.py
[2024-01-29T05:04:31.100+0530] {processor.py:840} INFO - DAG(s) 'dag_exec_scripts2_v1' retrieved from /home/hdu/airflow/dags/7-create-dag-execute-scripts2.py
[2024-01-29T05:04:31.123+0530] {logging_mixin.py:188} INFO - [2024-01-29T05:04:31.122+0530] {dag.py:3036} INFO - Sync 1 DAGs
[2024-01-29T05:04:31.146+0530] {logging_mixin.py:188} INFO - [2024-01-29T05:04:31.146+0530] {dag.py:3823} INFO - Setting next_dagrun for dag_exec_scripts2_v1 to None, run_after=None
[2024-01-29T05:04:31.173+0530] {processor.py:183} INFO - Processing /home/hdu/airflow/dags/7-create-dag-execute-scripts2.py took 0.088 seconds
[2024-01-29T05:05:01.487+0530] {processor.py:161} INFO - Started process (PID=14510) to work on /home/hdu/airflow/dags/7-create-dag-execute-scripts2.py
[2024-01-29T05:05:01.488+0530] {processor.py:830} INFO - Processing file /home/hdu/airflow/dags/7-create-dag-execute-scripts2.py for tasks to queue
[2024-01-29T05:05:01.489+0530] {logging_mixin.py:188} INFO - [2024-01-29T05:05:01.489+0530] {dagbag.py:538} INFO - Filling up the DagBag from /home/hdu/airflow/dags/7-create-dag-execute-scripts2.py
[2024-01-29T05:05:01.501+0530] {processor.py:840} INFO - DAG(s) 'dag_exec_scripts2_v1' retrieved from /home/hdu/airflow/dags/7-create-dag-execute-scripts2.py
[2024-01-29T05:05:01.524+0530] {logging_mixin.py:188} INFO - [2024-01-29T05:05:01.524+0530] {dag.py:3036} INFO - Sync 1 DAGs
[2024-01-29T05:05:01.546+0530] {logging_mixin.py:188} INFO - [2024-01-29T05:05:01.546+0530] {dag.py:3823} INFO - Setting next_dagrun for dag_exec_scripts2_v1 to None, run_after=None
[2024-01-29T05:05:01.574+0530] {processor.py:183} INFO - Processing /home/hdu/airflow/dags/7-create-dag-execute-scripts2.py took 0.090 seconds
[2024-01-29T05:05:31.920+0530] {processor.py:161} INFO - Started process (PID=14537) to work on /home/hdu/airflow/dags/7-create-dag-execute-scripts2.py
[2024-01-29T05:05:31.921+0530] {processor.py:830} INFO - Processing file /home/hdu/airflow/dags/7-create-dag-execute-scripts2.py for tasks to queue
[2024-01-29T05:05:31.922+0530] {logging_mixin.py:188} INFO - [2024-01-29T05:05:31.922+0530] {dagbag.py:538} INFO - Filling up the DagBag from /home/hdu/airflow/dags/7-create-dag-execute-scripts2.py
[2024-01-29T05:05:31.934+0530] {processor.py:840} INFO - DAG(s) 'dag_exec_scripts2_v1' retrieved from /home/hdu/airflow/dags/7-create-dag-execute-scripts2.py
[2024-01-29T05:05:31.957+0530] {logging_mixin.py:188} INFO - [2024-01-29T05:05:31.957+0530] {dag.py:3036} INFO - Sync 1 DAGs
[2024-01-29T05:05:31.982+0530] {logging_mixin.py:188} INFO - [2024-01-29T05:05:31.982+0530] {dag.py:3823} INFO - Setting next_dagrun for dag_exec_scripts2_v1 to None, run_after=None
[2024-01-29T05:05:32.009+0530] {processor.py:183} INFO - Processing /home/hdu/airflow/dags/7-create-dag-execute-scripts2.py took 0.092 seconds
[2024-01-29T05:06:02.237+0530] {processor.py:161} INFO - Started process (PID=14564) to work on /home/hdu/airflow/dags/7-create-dag-execute-scripts2.py
[2024-01-29T05:06:02.239+0530] {processor.py:830} INFO - Processing file /home/hdu/airflow/dags/7-create-dag-execute-scripts2.py for tasks to queue
[2024-01-29T05:06:02.241+0530] {logging_mixin.py:188} INFO - [2024-01-29T05:06:02.240+0530] {dagbag.py:538} INFO - Filling up the DagBag from /home/hdu/airflow/dags/7-create-dag-execute-scripts2.py
[2024-01-29T05:06:02.255+0530] {processor.py:840} INFO - DAG(s) 'dag_exec_scripts2_v1' retrieved from /home/hdu/airflow/dags/7-create-dag-execute-scripts2.py
[2024-01-29T05:06:02.279+0530] {logging_mixin.py:188} INFO - [2024-01-29T05:06:02.278+0530] {dag.py:3036} INFO - Sync 1 DAGs
[2024-01-29T05:06:02.300+0530] {logging_mixin.py:188} INFO - [2024-01-29T05:06:02.300+0530] {dag.py:3823} INFO - Setting next_dagrun for dag_exec_scripts2_v1 to None, run_after=None
[2024-01-29T05:06:02.329+0530] {processor.py:183} INFO - Processing /home/hdu/airflow/dags/7-create-dag-execute-scripts2.py took 0.097 seconds
[2024-01-29T05:06:32.683+0530] {processor.py:161} INFO - Started process (PID=14612) to work on /home/hdu/airflow/dags/7-create-dag-execute-scripts2.py
[2024-01-29T05:06:32.684+0530] {processor.py:830} INFO - Processing file /home/hdu/airflow/dags/7-create-dag-execute-scripts2.py for tasks to queue
[2024-01-29T05:06:32.685+0530] {logging_mixin.py:188} INFO - [2024-01-29T05:06:32.685+0530] {dagbag.py:538} INFO - Filling up the DagBag from /home/hdu/airflow/dags/7-create-dag-execute-scripts2.py
[2024-01-29T05:06:32.699+0530] {processor.py:840} INFO - DAG(s) 'dag_exec_scripts2_v1' retrieved from /home/hdu/airflow/dags/7-create-dag-execute-scripts2.py
[2024-01-29T05:06:32.722+0530] {logging_mixin.py:188} INFO - [2024-01-29T05:06:32.722+0530] {dag.py:3036} INFO - Sync 1 DAGs
[2024-01-29T05:06:32.745+0530] {logging_mixin.py:188} INFO - [2024-01-29T05:06:32.744+0530] {dag.py:3823} INFO - Setting next_dagrun for dag_exec_scripts2_v1 to None, run_after=None
[2024-01-29T05:06:32.775+0530] {processor.py:183} INFO - Processing /home/hdu/airflow/dags/7-create-dag-execute-scripts2.py took 0.095 seconds
[2024-01-29T05:07:02.883+0530] {processor.py:161} INFO - Started process (PID=14624) to work on /home/hdu/airflow/dags/7-create-dag-execute-scripts2.py
[2024-01-29T05:07:02.887+0530] {processor.py:830} INFO - Processing file /home/hdu/airflow/dags/7-create-dag-execute-scripts2.py for tasks to queue
[2024-01-29T05:07:02.889+0530] {logging_mixin.py:188} INFO - [2024-01-29T05:07:02.888+0530] {dagbag.py:538} INFO - Filling up the DagBag from /home/hdu/airflow/dags/7-create-dag-execute-scripts2.py
[2024-01-29T05:07:02.904+0530] {processor.py:840} INFO - DAG(s) 'dag_exec_scripts2_v1' retrieved from /home/hdu/airflow/dags/7-create-dag-execute-scripts2.py
[2024-01-29T05:07:02.937+0530] {logging_mixin.py:188} INFO - [2024-01-29T05:07:02.937+0530] {dag.py:3036} INFO - Sync 1 DAGs
[2024-01-29T05:07:02.974+0530] {logging_mixin.py:188} INFO - [2024-01-29T05:07:02.974+0530] {dag.py:3823} INFO - Setting next_dagrun for dag_exec_scripts2_v1 to None, run_after=None
[2024-01-29T05:07:03.002+0530] {processor.py:183} INFO - Processing /home/hdu/airflow/dags/7-create-dag-execute-scripts2.py took 0.122 seconds
[2024-01-29T05:07:33.379+0530] {processor.py:161} INFO - Started process (PID=14632) to work on /home/hdu/airflow/dags/7-create-dag-execute-scripts2.py
[2024-01-29T05:07:33.380+0530] {processor.py:830} INFO - Processing file /home/hdu/airflow/dags/7-create-dag-execute-scripts2.py for tasks to queue
[2024-01-29T05:07:33.381+0530] {logging_mixin.py:188} INFO - [2024-01-29T05:07:33.381+0530] {dagbag.py:538} INFO - Filling up the DagBag from /home/hdu/airflow/dags/7-create-dag-execute-scripts2.py
[2024-01-29T05:07:33.395+0530] {processor.py:840} INFO - DAG(s) 'dag_exec_scripts2_v1' retrieved from /home/hdu/airflow/dags/7-create-dag-execute-scripts2.py
[2024-01-29T05:07:33.418+0530] {logging_mixin.py:188} INFO - [2024-01-29T05:07:33.418+0530] {dag.py:3036} INFO - Sync 1 DAGs
[2024-01-29T05:07:33.441+0530] {logging_mixin.py:188} INFO - [2024-01-29T05:07:33.441+0530] {dag.py:3823} INFO - Setting next_dagrun for dag_exec_scripts2_v1 to None, run_after=None
[2024-01-29T05:07:33.466+0530] {processor.py:183} INFO - Processing /home/hdu/airflow/dags/7-create-dag-execute-scripts2.py took 0.092 seconds
[2024-01-29T05:08:03.783+0530] {processor.py:161} INFO - Started process (PID=14640) to work on /home/hdu/airflow/dags/7-create-dag-execute-scripts2.py
[2024-01-29T05:08:03.788+0530] {processor.py:830} INFO - Processing file /home/hdu/airflow/dags/7-create-dag-execute-scripts2.py for tasks to queue
[2024-01-29T05:08:03.790+0530] {logging_mixin.py:188} INFO - [2024-01-29T05:08:03.789+0530] {dagbag.py:538} INFO - Filling up the DagBag from /home/hdu/airflow/dags/7-create-dag-execute-scripts2.py
[2024-01-29T05:08:03.813+0530] {processor.py:840} INFO - DAG(s) 'dag_exec_scripts2_v1' retrieved from /home/hdu/airflow/dags/7-create-dag-execute-scripts2.py
[2024-01-29T05:08:03.848+0530] {logging_mixin.py:188} INFO - [2024-01-29T05:08:03.847+0530] {dag.py:3036} INFO - Sync 1 DAGs
[2024-01-29T05:08:03.885+0530] {logging_mixin.py:188} INFO - [2024-01-29T05:08:03.885+0530] {dag.py:3823} INFO - Setting next_dagrun for dag_exec_scripts2_v1 to None, run_after=None
[2024-01-29T05:08:03.934+0530] {processor.py:183} INFO - Processing /home/hdu/airflow/dags/7-create-dag-execute-scripts2.py took 0.153 seconds
[2024-01-29T05:08:34.382+0530] {processor.py:161} INFO - Started process (PID=14654) to work on /home/hdu/airflow/dags/7-create-dag-execute-scripts2.py
[2024-01-29T05:08:34.383+0530] {processor.py:830} INFO - Processing file /home/hdu/airflow/dags/7-create-dag-execute-scripts2.py for tasks to queue
[2024-01-29T05:08:34.384+0530] {logging_mixin.py:188} INFO - [2024-01-29T05:08:34.384+0530] {dagbag.py:538} INFO - Filling up the DagBag from /home/hdu/airflow/dags/7-create-dag-execute-scripts2.py
[2024-01-29T05:08:34.401+0530] {processor.py:840} INFO - DAG(s) 'dag_exec_scripts2_v1' retrieved from /home/hdu/airflow/dags/7-create-dag-execute-scripts2.py
[2024-01-29T05:08:34.436+0530] {logging_mixin.py:188} INFO - [2024-01-29T05:08:34.436+0530] {dag.py:3036} INFO - Sync 1 DAGs
[2024-01-29T05:08:34.466+0530] {logging_mixin.py:188} INFO - [2024-01-29T05:08:34.466+0530] {dag.py:3823} INFO - Setting next_dagrun for dag_exec_scripts2_v1 to None, run_after=None
[2024-01-29T05:08:34.499+0530] {processor.py:183} INFO - Processing /home/hdu/airflow/dags/7-create-dag-execute-scripts2.py took 0.122 seconds
[2024-01-29T05:09:04.916+0530] {processor.py:161} INFO - Started process (PID=14661) to work on /home/hdu/airflow/dags/7-create-dag-execute-scripts2.py
[2024-01-29T05:09:04.917+0530] {processor.py:830} INFO - Processing file /home/hdu/airflow/dags/7-create-dag-execute-scripts2.py for tasks to queue
[2024-01-29T05:09:04.918+0530] {logging_mixin.py:188} INFO - [2024-01-29T05:09:04.918+0530] {dagbag.py:538} INFO - Filling up the DagBag from /home/hdu/airflow/dags/7-create-dag-execute-scripts2.py
[2024-01-29T05:09:04.949+0530] {processor.py:840} INFO - DAG(s) 'dag_exec_scripts2_v1' retrieved from /home/hdu/airflow/dags/7-create-dag-execute-scripts2.py
[2024-01-29T05:09:05.004+0530] {logging_mixin.py:188} INFO - [2024-01-29T05:09:05.003+0530] {dag.py:3036} INFO - Sync 1 DAGs
[2024-01-29T05:09:05.043+0530] {logging_mixin.py:188} INFO - [2024-01-29T05:09:05.043+0530] {dag.py:3823} INFO - Setting next_dagrun for dag_exec_scripts2_v1 to None, run_after=None
[2024-01-29T05:09:05.095+0530] {processor.py:183} INFO - Processing /home/hdu/airflow/dags/7-create-dag-execute-scripts2.py took 0.189 seconds
[2024-01-29T05:09:35.470+0530] {processor.py:161} INFO - Started process (PID=14675) to work on /home/hdu/airflow/dags/7-create-dag-execute-scripts2.py
[2024-01-29T05:09:35.473+0530] {processor.py:830} INFO - Processing file /home/hdu/airflow/dags/7-create-dag-execute-scripts2.py for tasks to queue
[2024-01-29T05:09:35.476+0530] {logging_mixin.py:188} INFO - [2024-01-29T05:09:35.476+0530] {dagbag.py:538} INFO - Filling up the DagBag from /home/hdu/airflow/dags/7-create-dag-execute-scripts2.py
[2024-01-29T05:09:35.494+0530] {processor.py:840} INFO - DAG(s) 'dag_exec_scripts2_v1' retrieved from /home/hdu/airflow/dags/7-create-dag-execute-scripts2.py
[2024-01-29T05:09:35.524+0530] {logging_mixin.py:188} INFO - [2024-01-29T05:09:35.522+0530] {dag.py:3036} INFO - Sync 1 DAGs
[2024-01-29T05:09:35.554+0530] {logging_mixin.py:188} INFO - [2024-01-29T05:09:35.553+0530] {dag.py:3823} INFO - Setting next_dagrun for dag_exec_scripts2_v1 to None, run_after=None
[2024-01-29T05:09:35.592+0530] {processor.py:183} INFO - Processing /home/hdu/airflow/dags/7-create-dag-execute-scripts2.py took 0.128 seconds
[2024-01-29T05:10:06.019+0530] {processor.py:161} INFO - Started process (PID=14684) to work on /home/hdu/airflow/dags/7-create-dag-execute-scripts2.py
[2024-01-29T05:10:06.024+0530] {processor.py:830} INFO - Processing file /home/hdu/airflow/dags/7-create-dag-execute-scripts2.py for tasks to queue
[2024-01-29T05:10:06.028+0530] {logging_mixin.py:188} INFO - [2024-01-29T05:10:06.025+0530] {dagbag.py:538} INFO - Filling up the DagBag from /home/hdu/airflow/dags/7-create-dag-execute-scripts2.py
[2024-01-29T05:10:06.065+0530] {processor.py:840} INFO - DAG(s) 'dag_exec_scripts2_v1' retrieved from /home/hdu/airflow/dags/7-create-dag-execute-scripts2.py
[2024-01-29T05:10:06.106+0530] {logging_mixin.py:188} INFO - [2024-01-29T05:10:06.106+0530] {dag.py:3036} INFO - Sync 1 DAGs
[2024-01-29T05:10:06.172+0530] {logging_mixin.py:188} INFO - [2024-01-29T05:10:06.172+0530] {dag.py:3823} INFO - Setting next_dagrun for dag_exec_scripts2_v1 to None, run_after=None
[2024-01-29T05:10:06.217+0530] {processor.py:183} INFO - Processing /home/hdu/airflow/dags/7-create-dag-execute-scripts2.py took 0.203 seconds
[2024-01-29T05:10:36.629+0530] {processor.py:161} INFO - Started process (PID=14698) to work on /home/hdu/airflow/dags/7-create-dag-execute-scripts2.py
[2024-01-29T05:10:36.630+0530] {processor.py:830} INFO - Processing file /home/hdu/airflow/dags/7-create-dag-execute-scripts2.py for tasks to queue
[2024-01-29T05:10:36.631+0530] {logging_mixin.py:188} INFO - [2024-01-29T05:10:36.630+0530] {dagbag.py:538} INFO - Filling up the DagBag from /home/hdu/airflow/dags/7-create-dag-execute-scripts2.py
[2024-01-29T05:10:36.643+0530] {processor.py:840} INFO - DAG(s) 'dag_exec_scripts2_v1' retrieved from /home/hdu/airflow/dags/7-create-dag-execute-scripts2.py
[2024-01-29T05:10:36.666+0530] {logging_mixin.py:188} INFO - [2024-01-29T05:10:36.665+0530] {dag.py:3036} INFO - Sync 1 DAGs
[2024-01-29T05:10:36.690+0530] {logging_mixin.py:188} INFO - [2024-01-29T05:10:36.690+0530] {dag.py:3823} INFO - Setting next_dagrun for dag_exec_scripts2_v1 to None, run_after=None
[2024-01-29T05:10:36.733+0530] {processor.py:183} INFO - Processing /home/hdu/airflow/dags/7-create-dag-execute-scripts2.py took 0.108 seconds
[2024-01-29T05:11:07.088+0530] {processor.py:161} INFO - Started process (PID=14710) to work on /home/hdu/airflow/dags/7-create-dag-execute-scripts2.py
[2024-01-29T05:11:07.089+0530] {processor.py:830} INFO - Processing file /home/hdu/airflow/dags/7-create-dag-execute-scripts2.py for tasks to queue
[2024-01-29T05:11:07.094+0530] {logging_mixin.py:188} INFO - [2024-01-29T05:11:07.093+0530] {dagbag.py:538} INFO - Filling up the DagBag from /home/hdu/airflow/dags/7-create-dag-execute-scripts2.py
[2024-01-29T05:11:07.106+0530] {processor.py:840} INFO - DAG(s) 'dag_exec_scripts2_v1' retrieved from /home/hdu/airflow/dags/7-create-dag-execute-scripts2.py
[2024-01-29T05:11:07.129+0530] {logging_mixin.py:188} INFO - [2024-01-29T05:11:07.129+0530] {dag.py:3036} INFO - Sync 1 DAGs
[2024-01-29T05:11:07.151+0530] {logging_mixin.py:188} INFO - [2024-01-29T05:11:07.151+0530] {dag.py:3823} INFO - Setting next_dagrun for dag_exec_scripts2_v1 to None, run_after=None
[2024-01-29T05:11:07.177+0530] {processor.py:183} INFO - Processing /home/hdu/airflow/dags/7-create-dag-execute-scripts2.py took 0.094 seconds
[2024-01-29T05:11:37.536+0530] {processor.py:161} INFO - Started process (PID=14747) to work on /home/hdu/airflow/dags/7-create-dag-execute-scripts2.py
[2024-01-29T05:11:37.541+0530] {processor.py:830} INFO - Processing file /home/hdu/airflow/dags/7-create-dag-execute-scripts2.py for tasks to queue
[2024-01-29T05:11:37.542+0530] {logging_mixin.py:188} INFO - [2024-01-29T05:11:37.542+0530] {dagbag.py:538} INFO - Filling up the DagBag from /home/hdu/airflow/dags/7-create-dag-execute-scripts2.py
[2024-01-29T05:11:37.554+0530] {processor.py:840} INFO - DAG(s) 'dag_exec_scripts2_v1' retrieved from /home/hdu/airflow/dags/7-create-dag-execute-scripts2.py
[2024-01-29T05:11:37.577+0530] {logging_mixin.py:188} INFO - [2024-01-29T05:11:37.576+0530] {dag.py:3036} INFO - Sync 1 DAGs
[2024-01-29T05:11:37.598+0530] {logging_mixin.py:188} INFO - [2024-01-29T05:11:37.598+0530] {dag.py:3823} INFO - Setting next_dagrun for dag_exec_scripts2_v1 to None, run_after=None
[2024-01-29T05:11:37.624+0530] {processor.py:183} INFO - Processing /home/hdu/airflow/dags/7-create-dag-execute-scripts2.py took 0.092 seconds
[2024-01-29T05:12:07.862+0530] {processor.py:161} INFO - Started process (PID=14763) to work on /home/hdu/airflow/dags/7-create-dag-execute-scripts2.py
[2024-01-29T05:12:07.863+0530] {processor.py:830} INFO - Processing file /home/hdu/airflow/dags/7-create-dag-execute-scripts2.py for tasks to queue
[2024-01-29T05:12:07.864+0530] {logging_mixin.py:188} INFO - [2024-01-29T05:12:07.864+0530] {dagbag.py:538} INFO - Filling up the DagBag from /home/hdu/airflow/dags/7-create-dag-execute-scripts2.py
[2024-01-29T05:12:07.878+0530] {processor.py:840} INFO - DAG(s) 'dag_exec_scripts2_v1' retrieved from /home/hdu/airflow/dags/7-create-dag-execute-scripts2.py
[2024-01-29T05:12:07.900+0530] {logging_mixin.py:188} INFO - [2024-01-29T05:12:07.899+0530] {dag.py:3036} INFO - Sync 1 DAGs
[2024-01-29T05:12:07.922+0530] {logging_mixin.py:188} INFO - [2024-01-29T05:12:07.922+0530] {dag.py:3823} INFO - Setting next_dagrun for dag_exec_scripts2_v1 to None, run_after=None
[2024-01-29T05:12:07.950+0530] {processor.py:183} INFO - Processing /home/hdu/airflow/dags/7-create-dag-execute-scripts2.py took 0.093 seconds
