[2024-01-29T03:57:32.190+0530] {taskinstance.py:1956} INFO - Dependencies all met for dep_context=non-requeueable deps ti=<TaskInstance: dag_exec_scripts_demo_v2.createtable_task manual__2024-01-28T22:27:24.023478+00:00 [queued]>
[2024-01-29T03:57:32.196+0530] {taskinstance.py:1956} INFO - Dependencies all met for dep_context=requeueable deps ti=<TaskInstance: dag_exec_scripts_demo_v2.createtable_task manual__2024-01-28T22:27:24.023478+00:00 [queued]>
[2024-01-29T03:57:32.196+0530] {taskinstance.py:2170} INFO - Starting attempt 1 of 1
[2024-01-29T03:57:32.218+0530] {taskinstance.py:2191} INFO - Executing <Task(MySqlOperator): createtable_task> on 2024-01-28 22:27:24.023478+00:00
[2024-01-29T03:57:32.228+0530] {standard_task_runner.py:60} INFO - Started process 13144 to run task
[2024-01-29T03:57:32.231+0530] {standard_task_runner.py:87} INFO - Running: ['airflow', 'tasks', 'run', 'dag_exec_scripts_demo_v2', 'createtable_task', 'manual__2024-01-28T22:27:24.023478+00:00', '--job-id', '346', '--raw', '--subdir', 'DAGS_FOLDER/6-create-dag-execute-scripts.py', '--cfg-path', '/tmp/tmpwnviw693']
[2024-01-29T03:57:32.238+0530] {standard_task_runner.py:88} INFO - Job 346: Subtask createtable_task
[2024-01-29T03:57:32.295+0530] {task_command.py:423} INFO - Running <TaskInstance: dag_exec_scripts_demo_v2.createtable_task manual__2024-01-28T22:27:24.023478+00:00 [running]> on host mh1.myguest.virtualbox.org
[2024-01-29T03:57:32.374+0530] {taskinstance.py:2480} INFO - Exporting env vars: AIRFLOW_CTX_DAG_OWNER='airflow' AIRFLOW_CTX_DAG_ID='dag_exec_scripts_demo_v2' AIRFLOW_CTX_TASK_ID='createtable_task' AIRFLOW_CTX_EXECUTION_DATE='2024-01-28T22:27:24.023478+00:00' AIRFLOW_CTX_TRY_NUMBER='1' AIRFLOW_CTX_DAG_RUN_ID='manual__2024-01-28T22:27:24.023478+00:00'
[2024-01-29T03:57:32.374+0530] {sql.py:276} INFO - Executing: create database if not exists airflow; 
use airflow;
create table if not exists airflow.employees 
( emp_id int auto_increment primary key, 
	first_name varchar(500) NOT null, 
	last_name varchar(500) NOT null, 
	hire_date date, 
	job_id varchar(225), 
	salary DECIMAL(7,2), 
	commission_pct DECIMAL(6,2), 
	manager_id int, dept_id int );
[2024-01-29T03:57:32.380+0530] {base.py:83} INFO - Using connection ID 'airflow_db' for task execution.
[2024-01-29T03:57:32.410+0530] {base.py:83} INFO - Using connection ID 'airflow_db' for task execution.
[2024-01-29T03:57:32.423+0530] {sql.py:450} INFO - Running statement: create database if not exists airflow; 
use airflow;
create table if not exists airflow.employees 
( emp_id int auto_increment primary key, 
	first_name varchar(500) NOT null, 
	last_name varchar(500) NOT null, 
	hire_date date, 
	job_id varchar(225), 
	salary DECIMAL(7,2), 
	commission_pct DECIMAL(6,2), 
	manager_id int, dept_id int );, parameters: None
[2024-01-29T03:57:32.426+0530] {sql.py:459} INFO - Rows affected: 1
[2024-01-29T03:57:32.433+0530] {taskinstance.py:1138} INFO - Marking task as SUCCESS. dag_id=dag_exec_scripts_demo_v2, task_id=createtable_task, execution_date=20240128T222724, start_date=20240128T222732, end_date=20240128T222732
[2024-01-29T03:57:32.499+0530] {local_task_job_runner.py:234} INFO - Task exited with return code 0
[2024-01-29T03:57:32.543+0530] {taskinstance.py:3280} INFO - 1 downstream tasks scheduled from follow-on schedule check
