[2024-01-29T02:31:10.687+0530] {taskinstance.py:1956} INFO - Dependencies all met for dep_context=non-requeueable deps ti=<TaskInstance: dag_exec_scripts_demo.load_data_task scheduled__2024-01-27T00:00:00+00:00 [queued]>
[2024-01-29T02:31:10.694+0530] {taskinstance.py:1956} INFO - Dependencies all met for dep_context=requeueable deps ti=<TaskInstance: dag_exec_scripts_demo.load_data_task scheduled__2024-01-27T00:00:00+00:00 [queued]>
[2024-01-29T02:31:10.695+0530] {taskinstance.py:2170} INFO - Starting attempt 1 of 1
[2024-01-29T02:31:10.719+0530] {taskinstance.py:2191} INFO - Executing <Task(MySqlOperator): load_data_task> on 2024-01-27 00:00:00+00:00
[2024-01-29T02:31:10.721+0530] {standard_task_runner.py:60} INFO - Started process 10807 to run task
[2024-01-29T02:31:10.725+0530] {standard_task_runner.py:87} INFO - Running: ['airflow', 'tasks', 'run', 'dag_exec_scripts_demo', 'load_data_task', 'scheduled__2024-01-27T00:00:00+00:00', '--job-id', '341', '--raw', '--subdir', 'DAGS_FOLDER/6-create-dag-execute-scripts.py', '--cfg-path', '/tmp/tmpiz488yjx']
[2024-01-29T02:31:10.727+0530] {standard_task_runner.py:88} INFO - Job 341: Subtask load_data_task
[2024-01-29T02:31:10.773+0530] {task_command.py:423} INFO - Running <TaskInstance: dag_exec_scripts_demo.load_data_task scheduled__2024-01-27T00:00:00+00:00 [running]> on host mh1.myguest.virtualbox.org
[2024-01-29T02:31:10.844+0530] {taskinstance.py:2480} INFO - Exporting env vars: AIRFLOW_CTX_DAG_OWNER='airflow' AIRFLOW_CTX_DAG_ID='dag_exec_scripts_demo' AIRFLOW_CTX_TASK_ID='load_data_task' AIRFLOW_CTX_EXECUTION_DATE='2024-01-27T00:00:00+00:00' AIRFLOW_CTX_TRY_NUMBER='1' AIRFLOW_CTX_DAG_RUN_ID='scheduled__2024-01-27T00:00:00+00:00'
[2024-01-29T02:31:10.845+0530] {sql.py:276} INFO - Executing: INSERT INTO airflow.employees (`emp_id`,`first_name`,`last_name`, `hire_date`, `job_id`, `salary`, `commission_pct`, `manager_id`, `dept_id`) 
VALUES (100,"Steven","King",'1987-06-17',"AD_PRES",24000.00,0.00,0,90), (101,"Neena","Kochhar",'1987-06-18',"AD_VP",17000.00,0.00,100,90), (102,"Lex","DeHaan",'1987-06-19',"AD_VP",17000.00,0.00,100,90), (103,"Alexander","Hunold",'1987-06-20',"IT_PROG",9000.00,0.00,102,60), (104,"Bruce","Ernst",'1987-06-21',"IT_PROG",6000.00,0.00,103,60), (105,"David","Austin",'1987-06-22',"IT_PROG",4800.00,0.00,103,60), (106,"Valli","Pataballa",'1987-06-23',"IT_PROG",4800.00,0.00,103,60), (107,"Diana","Lorentz",'1987-06-24',"IT_PROG",4200.00,0.00,103,60), (108,"Nancy","Greenberg",'1987-06-25',"FI_MGR",12000.00,0.00,101,100), (109,"Daniel","Faviet",'1987-06-26',"FI_ACCOUNT",9000.00,0.00,108,100); 
SELECT DISTINCT (job_id) from airflow.employees; 
SELECT COUNT( DISTINCT (job_id)) from airflow.employees; 
SELECT MAX(salary) from airflow.employees; 
SELECT MIN(salary) from airflow.employees;
[2024-01-29T02:31:10.852+0530] {base.py:83} INFO - Using connection ID 'airflow_db' for task execution.
[2024-01-29T02:31:10.883+0530] {base.py:83} INFO - Using connection ID 'airflow_db' for task execution.
[2024-01-29T02:31:10.896+0530] {sql.py:450} INFO - Running statement: INSERT INTO airflow.employees (`emp_id`,`first_name`,`last_name`, `hire_date`, `job_id`, `salary`, `commission_pct`, `manager_id`, `dept_id`) 
VALUES (100,"Steven","King",'1987-06-17',"AD_PRES",24000.00,0.00,0,90), (101,"Neena","Kochhar",'1987-06-18',"AD_VP",17000.00,0.00,100,90), (102,"Lex","DeHaan",'1987-06-19',"AD_VP",17000.00,0.00,100,90), (103,"Alexander","Hunold",'1987-06-20',"IT_PROG",9000.00,0.00,102,60), (104,"Bruce","Ernst",'1987-06-21',"IT_PROG",6000.00,0.00,103,60), (105,"David","Austin",'1987-06-22',"IT_PROG",4800.00,0.00,103,60), (106,"Valli","Pataballa",'1987-06-23',"IT_PROG",4800.00,0.00,103,60), (107,"Diana","Lorentz",'1987-06-24',"IT_PROG",4200.00,0.00,103,60), (108,"Nancy","Greenberg",'1987-06-25',"FI_MGR",12000.00,0.00,101,100), (109,"Daniel","Faviet",'1987-06-26',"FI_ACCOUNT",9000.00,0.00,108,100); 
SELECT DISTINCT (job_id) from airflow.employees; 
SELECT COUNT( DISTINCT (job_id)) from airflow.employees; 
SELECT MAX(salary) from airflow.employees; 
SELECT MIN(salary) from airflow.employees;, parameters: None
[2024-01-29T02:31:10.896+0530] {sql.py:459} INFO - Rows affected: 10
[2024-01-29T02:31:10.910+0530] {taskinstance.py:1138} INFO - Marking task as SUCCESS. dag_id=dag_exec_scripts_demo, task_id=load_data_task, execution_date=20240127T000000, start_date=20240128T210110, end_date=20240128T210110
[2024-01-29T02:31:10.942+0530] {local_task_job_runner.py:234} INFO - Task exited with return code 0
[2024-01-29T02:31:10.958+0530] {taskinstance.py:3280} INFO - 0 downstream tasks scheduled from follow-on schedule check
[2024-01-29T02:44:22.778+0530] {taskinstance.py:1956} INFO - Dependencies all met for dep_context=non-requeueable deps ti=<TaskInstance: dag_exec_scripts_demo.load_data_task scheduled__2024-01-27T00:00:00+00:00 [queued]>
[2024-01-29T02:44:22.790+0530] {taskinstance.py:1956} INFO - Dependencies all met for dep_context=requeueable deps ti=<TaskInstance: dag_exec_scripts_demo.load_data_task scheduled__2024-01-27T00:00:00+00:00 [queued]>
[2024-01-29T02:44:22.791+0530] {taskinstance.py:2170} INFO - Starting attempt 1 of 1
[2024-01-29T02:44:22.821+0530] {taskinstance.py:2191} INFO - Executing <Task(MySqlOperator): load_data_task> on 2024-01-27 00:00:00+00:00
[2024-01-29T02:44:22.825+0530] {standard_task_runner.py:60} INFO - Started process 11221 to run task
[2024-01-29T02:44:22.833+0530] {standard_task_runner.py:87} INFO - Running: ['airflow', 'tasks', 'run', 'dag_exec_scripts_demo', 'load_data_task', 'scheduled__2024-01-27T00:00:00+00:00', '--job-id', '341', '--raw', '--subdir', 'DAGS_FOLDER/6-create-dag-execute-scripts.py', '--cfg-path', '/tmp/tmp4zu5u4o4']
[2024-01-29T02:44:22.835+0530] {standard_task_runner.py:88} INFO - Job 341: Subtask load_data_task
[2024-01-29T02:44:22.886+0530] {task_command.py:423} INFO - Running <TaskInstance: dag_exec_scripts_demo.load_data_task scheduled__2024-01-27T00:00:00+00:00 [running]> on host mh1.myguest.virtualbox.org
[2024-01-29T02:44:22.970+0530] {taskinstance.py:2480} INFO - Exporting env vars: AIRFLOW_CTX_DAG_OWNER='airflow' AIRFLOW_CTX_DAG_ID='dag_exec_scripts_demo' AIRFLOW_CTX_TASK_ID='load_data_task' AIRFLOW_CTX_EXECUTION_DATE='2024-01-27T00:00:00+00:00' AIRFLOW_CTX_TRY_NUMBER='1' AIRFLOW_CTX_DAG_RUN_ID='scheduled__2024-01-27T00:00:00+00:00'
[2024-01-29T02:44:22.971+0530] {sql.py:276} INFO - Executing: INSERT INTO airflownew.employees (`emp_id`,`first_name`,`last_name`, `hire_date`, `job_id`, `salary`, `commission_pct`, `manager_id`, `dept_id`) 
VALUES (100,"Steven","King",'1987-06-17',"AD_PRES",24000.00,0.00,0,90), (101,"Neena","Kochhar",'1987-06-18',"AD_VP",17000.00,0.00,100,90), (102,"Lex","DeHaan",'1987-06-19',"AD_VP",17000.00,0.00,100,90), (103,"Alexander","Hunold",'1987-06-20',"IT_PROG",9000.00,0.00,102,60), (104,"Bruce","Ernst",'1987-06-21',"IT_PROG",6000.00,0.00,103,60), (105,"David","Austin",'1987-06-22',"IT_PROG",4800.00,0.00,103,60), (106,"Valli","Pataballa",'1987-06-23',"IT_PROG",4800.00,0.00,103,60), (107,"Diana","Lorentz",'1987-06-24',"IT_PROG",4200.00,0.00,103,60), (108,"Nancy","Greenberg",'1987-06-25',"FI_MGR",12000.00,0.00,101,100), (109,"Daniel","Faviet",'1987-06-26',"FI_ACCOUNT",9000.00,0.00,108,100); 
SELECT DISTINCT (job_id) from airflownew.employees; 
SELECT COUNT( DISTINCT (job_id)) from airflownew.employees; 
SELECT MAX(salary) from airflownew.employees; 
SELECT MIN(salary) from airflownew.employees;
[2024-01-29T02:44:22.978+0530] {base.py:83} INFO - Using connection ID 'airflow_db' for task execution.
[2024-01-29T02:44:23.010+0530] {base.py:83} INFO - Using connection ID 'airflow_db' for task execution.
[2024-01-29T02:44:23.024+0530] {sql.py:450} INFO - Running statement: INSERT INTO airflownew.employees (`emp_id`,`first_name`,`last_name`, `hire_date`, `job_id`, `salary`, `commission_pct`, `manager_id`, `dept_id`) 
VALUES (100,"Steven","King",'1987-06-17',"AD_PRES",24000.00,0.00,0,90), (101,"Neena","Kochhar",'1987-06-18',"AD_VP",17000.00,0.00,100,90), (102,"Lex","DeHaan",'1987-06-19',"AD_VP",17000.00,0.00,100,90), (103,"Alexander","Hunold",'1987-06-20',"IT_PROG",9000.00,0.00,102,60), (104,"Bruce","Ernst",'1987-06-21',"IT_PROG",6000.00,0.00,103,60), (105,"David","Austin",'1987-06-22',"IT_PROG",4800.00,0.00,103,60), (106,"Valli","Pataballa",'1987-06-23',"IT_PROG",4800.00,0.00,103,60), (107,"Diana","Lorentz",'1987-06-24',"IT_PROG",4200.00,0.00,103,60), (108,"Nancy","Greenberg",'1987-06-25',"FI_MGR",12000.00,0.00,101,100), (109,"Daniel","Faviet",'1987-06-26',"FI_ACCOUNT",9000.00,0.00,108,100); 
SELECT DISTINCT (job_id) from airflownew.employees; 
SELECT COUNT( DISTINCT (job_id)) from airflownew.employees; 
SELECT MAX(salary) from airflownew.employees; 
SELECT MIN(salary) from airflownew.employees;, parameters: None
[2024-01-29T02:44:23.025+0530] {sql.py:459} INFO - Rows affected: 10
[2024-01-29T02:44:23.037+0530] {taskinstance.py:1138} INFO - Marking task as SUCCESS. dag_id=dag_exec_scripts_demo, task_id=load_data_task, execution_date=20240127T000000, start_date=20240128T211422, end_date=20240128T211423
[2024-01-29T02:44:23.082+0530] {local_task_job_runner.py:234} INFO - Task exited with return code 0
[2024-01-29T02:44:23.103+0530] {taskinstance.py:3280} INFO - 0 downstream tasks scheduled from follow-on schedule check
[2024-01-29T02:53:34.996+0530] {taskinstance.py:1956} INFO - Dependencies all met for dep_context=non-requeueable deps ti=<TaskInstance: dag_exec_scripts_demo.load_data_task scheduled__2024-01-27T00:00:00+00:00 [queued]>
[2024-01-29T02:53:35.004+0530] {taskinstance.py:1956} INFO - Dependencies all met for dep_context=requeueable deps ti=<TaskInstance: dag_exec_scripts_demo.load_data_task scheduled__2024-01-27T00:00:00+00:00 [queued]>
[2024-01-29T02:53:35.004+0530] {taskinstance.py:2170} INFO - Starting attempt 1 of 1
[2024-01-29T02:53:35.024+0530] {taskinstance.py:2191} INFO - Executing <Task(MySqlOperator): load_data_task> on 2024-01-27 00:00:00+00:00
[2024-01-29T02:53:35.027+0530] {standard_task_runner.py:60} INFO - Started process 11463 to run task
[2024-01-29T02:53:35.034+0530] {standard_task_runner.py:87} INFO - Running: ['airflow', 'tasks', 'run', 'dag_exec_scripts_demo', 'load_data_task', 'scheduled__2024-01-27T00:00:00+00:00', '--job-id', '340', '--raw', '--subdir', 'DAGS_FOLDER/6-create-dag-execute-scripts.py', '--cfg-path', '/tmp/tmpxjl05qhm']
[2024-01-29T02:53:35.036+0530] {standard_task_runner.py:88} INFO - Job 340: Subtask load_data_task
[2024-01-29T02:53:35.083+0530] {task_command.py:423} INFO - Running <TaskInstance: dag_exec_scripts_demo.load_data_task scheduled__2024-01-27T00:00:00+00:00 [running]> on host mh1.myguest.virtualbox.org
[2024-01-29T02:53:35.153+0530] {taskinstance.py:2480} INFO - Exporting env vars: AIRFLOW_CTX_DAG_OWNER='airflow' AIRFLOW_CTX_DAG_ID='dag_exec_scripts_demo' AIRFLOW_CTX_TASK_ID='load_data_task' AIRFLOW_CTX_EXECUTION_DATE='2024-01-27T00:00:00+00:00' AIRFLOW_CTX_TRY_NUMBER='1' AIRFLOW_CTX_DAG_RUN_ID='scheduled__2024-01-27T00:00:00+00:00'
[2024-01-29T02:53:35.154+0530] {sql.py:276} INFO - Executing: INSERT INTO airflownew.employees (`emp_id`,`first_name`,`last_name`, `hire_date`, `job_id`, `salary`, `commission_pct`, `manager_id`, `dept_id`) 
VALUES (100,"Steven","King",'1987-06-17',"AD_PRES",24000.00,0.00,0,90), (101,"Neena","Kochhar",'1987-06-18',"AD_VP",17000.00,0.00,100,90), (102,"Lex","DeHaan",'1987-06-19',"AD_VP",17000.00,0.00,100,90), (103,"Alexander","Hunold",'1987-06-20',"IT_PROG",9000.00,0.00,102,60), (104,"Bruce","Ernst",'1987-06-21',"IT_PROG",6000.00,0.00,103,60), (105,"David","Austin",'1987-06-22',"IT_PROG",4800.00,0.00,103,60), (106,"Valli","Pataballa",'1987-06-23',"IT_PROG",4800.00,0.00,103,60), (107,"Diana","Lorentz",'1987-06-24',"IT_PROG",4200.00,0.00,103,60), (108,"Nancy","Greenberg",'1987-06-25',"FI_MGR",12000.00,0.00,101,100), (109,"Daniel","Faviet",'1987-06-26',"FI_ACCOUNT",9000.00,0.00,108,100); 
SELECT DISTINCT (job_id) from airflownew.employees; 
SELECT COUNT( DISTINCT (job_id)) from airflownew.employees; 
SELECT MAX(salary) from airflownew.employees; 
SELECT MIN(salary) from airflownew.employees;
[2024-01-29T02:53:35.159+0530] {base.py:83} INFO - Using connection ID 'airflow_db' for task execution.
[2024-01-29T02:53:35.189+0530] {base.py:83} INFO - Using connection ID 'airflow_db' for task execution.
[2024-01-29T02:53:35.202+0530] {sql.py:450} INFO - Running statement: INSERT INTO airflownew.employees (`emp_id`,`first_name`,`last_name`, `hire_date`, `job_id`, `salary`, `commission_pct`, `manager_id`, `dept_id`) 
VALUES (100,"Steven","King",'1987-06-17',"AD_PRES",24000.00,0.00,0,90), (101,"Neena","Kochhar",'1987-06-18',"AD_VP",17000.00,0.00,100,90), (102,"Lex","DeHaan",'1987-06-19',"AD_VP",17000.00,0.00,100,90), (103,"Alexander","Hunold",'1987-06-20',"IT_PROG",9000.00,0.00,102,60), (104,"Bruce","Ernst",'1987-06-21',"IT_PROG",6000.00,0.00,103,60), (105,"David","Austin",'1987-06-22',"IT_PROG",4800.00,0.00,103,60), (106,"Valli","Pataballa",'1987-06-23',"IT_PROG",4800.00,0.00,103,60), (107,"Diana","Lorentz",'1987-06-24',"IT_PROG",4200.00,0.00,103,60), (108,"Nancy","Greenberg",'1987-06-25',"FI_MGR",12000.00,0.00,101,100), (109,"Daniel","Faviet",'1987-06-26',"FI_ACCOUNT",9000.00,0.00,108,100); 
SELECT DISTINCT (job_id) from airflownew.employees; 
SELECT COUNT( DISTINCT (job_id)) from airflownew.employees; 
SELECT MAX(salary) from airflownew.employees; 
SELECT MIN(salary) from airflownew.employees;, parameters: None
[2024-01-29T02:53:35.206+0530] {sql.py:459} INFO - Rows affected: 10
[2024-01-29T02:53:35.218+0530] {taskinstance.py:1138} INFO - Marking task as SUCCESS. dag_id=dag_exec_scripts_demo, task_id=load_data_task, execution_date=20240127T000000, start_date=20240128T212334, end_date=20240128T212335
[2024-01-29T02:53:35.246+0530] {local_task_job_runner.py:234} INFO - Task exited with return code 0
[2024-01-29T02:53:35.265+0530] {taskinstance.py:3280} INFO - 0 downstream tasks scheduled from follow-on schedule check
[2024-01-29T03:03:20.687+0530] {taskinstance.py:1956} INFO - Dependencies all met for dep_context=non-requeueable deps ti=<TaskInstance: dag_exec_scripts_demo.load_data_task scheduled__2024-01-27T00:00:00+00:00 [queued]>
[2024-01-29T03:03:20.699+0530] {taskinstance.py:1956} INFO - Dependencies all met for dep_context=requeueable deps ti=<TaskInstance: dag_exec_scripts_demo.load_data_task scheduled__2024-01-27T00:00:00+00:00 [queued]>
[2024-01-29T03:03:20.699+0530] {taskinstance.py:2170} INFO - Starting attempt 1 of 1
[2024-01-29T03:03:20.724+0530] {taskinstance.py:2191} INFO - Executing <Task(MySqlOperator): load_data_task> on 2024-01-27 00:00:00+00:00
[2024-01-29T03:03:20.727+0530] {standard_task_runner.py:60} INFO - Started process 11667 to run task
[2024-01-29T03:03:20.734+0530] {standard_task_runner.py:87} INFO - Running: ['airflow', 'tasks', 'run', 'dag_exec_scripts_demo', 'load_data_task', 'scheduled__2024-01-27T00:00:00+00:00', '--job-id', '341', '--raw', '--subdir', 'DAGS_FOLDER/6-create-dag-execute-scripts.py', '--cfg-path', '/tmp/tmpifol3nqn']
[2024-01-29T03:03:20.736+0530] {standard_task_runner.py:88} INFO - Job 341: Subtask load_data_task
[2024-01-29T03:03:20.783+0530] {task_command.py:423} INFO - Running <TaskInstance: dag_exec_scripts_demo.load_data_task scheduled__2024-01-27T00:00:00+00:00 [running]> on host mh1.myguest.virtualbox.org
[2024-01-29T03:03:20.854+0530] {taskinstance.py:2480} INFO - Exporting env vars: AIRFLOW_CTX_DAG_OWNER='airflow' AIRFLOW_CTX_DAG_ID='dag_exec_scripts_demo' AIRFLOW_CTX_TASK_ID='load_data_task' AIRFLOW_CTX_EXECUTION_DATE='2024-01-27T00:00:00+00:00' AIRFLOW_CTX_TRY_NUMBER='1' AIRFLOW_CTX_DAG_RUN_ID='scheduled__2024-01-27T00:00:00+00:00'
[2024-01-29T03:03:20.855+0530] {sql.py:276} INFO - Executing: INSERT INTO airflownew.employees (`emp_id`,`first_name`,`last_name`, `hire_date`, `job_id`, `salary`, `commission_pct`, `manager_id`, `dept_id`) 
VALUES (100,"Steven","King",'1987-06-17',"AD_PRES",24000.00,0.00,0,90), (101,"Neena","Kochhar",'1987-06-18',"AD_VP",17000.00,0.00,100,90), (102,"Lex","DeHaan",'1987-06-19',"AD_VP",17000.00,0.00,100,90), (103,"Alexander","Hunold",'1987-06-20',"IT_PROG",9000.00,0.00,102,60), (104,"Bruce","Ernst",'1987-06-21',"IT_PROG",6000.00,0.00,103,60), (105,"David","Austin",'1987-06-22',"IT_PROG",4800.00,0.00,103,60), (106,"Valli","Pataballa",'1987-06-23',"IT_PROG",4800.00,0.00,103,60), (107,"Diana","Lorentz",'1987-06-24',"IT_PROG",4200.00,0.00,103,60), (108,"Nancy","Greenberg",'1987-06-25',"FI_MGR",12000.00,0.00,101,100), (109,"Daniel","Faviet",'1987-06-26',"FI_ACCOUNT",9000.00,0.00,108,100); 
SELECT DISTINCT (job_id) from airflownew.employees ; > out1.txt 
SELECT COUNT( DISTINCT (job_id)) from airflownew.employees ; > out2.txt
SELECT MAX(salary) from airflownew.employees; > out3.txt
SELECT MIN(salary) from airflownew.employees; > out4.txt
[2024-01-29T03:03:20.860+0530] {base.py:83} INFO - Using connection ID 'airflow_db' for task execution.
[2024-01-29T03:03:20.891+0530] {base.py:83} INFO - Using connection ID 'airflow_db' for task execution.
[2024-01-29T03:03:20.903+0530] {sql.py:450} INFO - Running statement: INSERT INTO airflownew.employees (`emp_id`,`first_name`,`last_name`, `hire_date`, `job_id`, `salary`, `commission_pct`, `manager_id`, `dept_id`) 
VALUES (100,"Steven","King",'1987-06-17',"AD_PRES",24000.00,0.00,0,90), (101,"Neena","Kochhar",'1987-06-18',"AD_VP",17000.00,0.00,100,90), (102,"Lex","DeHaan",'1987-06-19',"AD_VP",17000.00,0.00,100,90), (103,"Alexander","Hunold",'1987-06-20',"IT_PROG",9000.00,0.00,102,60), (104,"Bruce","Ernst",'1987-06-21',"IT_PROG",6000.00,0.00,103,60), (105,"David","Austin",'1987-06-22',"IT_PROG",4800.00,0.00,103,60), (106,"Valli","Pataballa",'1987-06-23',"IT_PROG",4800.00,0.00,103,60), (107,"Diana","Lorentz",'1987-06-24',"IT_PROG",4200.00,0.00,103,60), (108,"Nancy","Greenberg",'1987-06-25',"FI_MGR",12000.00,0.00,101,100), (109,"Daniel","Faviet",'1987-06-26',"FI_ACCOUNT",9000.00,0.00,108,100); 
SELECT DISTINCT (job_id) from airflownew.employees ; > out1.txt 
SELECT COUNT( DISTINCT (job_id)) from airflownew.employees ; > out2.txt
SELECT MAX(salary) from airflownew.employees; > out3.txt
SELECT MIN(salary) from airflownew.employees; > out4.txt, parameters: None
[2024-01-29T03:03:20.904+0530] {sql.py:459} INFO - Rows affected: 10
[2024-01-29T03:03:20.906+0530] {taskinstance.py:2698} ERROR - Task failed with exception
Traceback (most recent call last):
  File "/home/hdu/.local/lib/python3.8/site-packages/airflow/models/taskinstance.py", line 433, in _execute_task
    result = execute_callable(context=context, **execute_callable_kwargs)
  File "/home/hdu/.local/lib/python3.8/site-packages/airflow/providers/common/sql/operators/sql.py", line 282, in execute
    output = hook.run(
  File "/home/hdu/.local/lib/python3.8/site-packages/airflow/providers/common/sql/hooks/sql.py", line 407, in run
    self.descriptions.append(cur.description)
  File "/usr/lib/python3.8/contextlib.py", line 299, in __exit__
    self.thing.close()
  File "/usr/local/lib/python3.8/dist-packages/MySQLdb/cursors.py", line 103, in close
    self._discard()
  File "/usr/local/lib/python3.8/dist-packages/MySQLdb/cursors.py", line 95, in _discard
    while con.next_result() == 0:  # -1 means no more data.
MySQLdb.ProgrammingError: (1064, "You have an error in your SQL syntax; check the manual that corresponds to your MySQL server version for the right syntax to use near '> out1.txt \nSELECT COUNT( DISTINCT (job_id)) from airflownew.employees ; > out2.' at line 1")
[2024-01-29T03:03:20.912+0530] {taskinstance.py:1138} INFO - Marking task as FAILED. dag_id=dag_exec_scripts_demo, task_id=load_data_task, execution_date=20240127T000000, start_date=20240128T213320, end_date=20240128T213320
[2024-01-29T03:03:20.928+0530] {standard_task_runner.py:107} ERROR - Failed to execute job 341 for task load_data_task ((1064, "You have an error in your SQL syntax; check the manual that corresponds to your MySQL server version for the right syntax to use near '> out1.txt \nSELECT COUNT( DISTINCT (job_id)) from airflownew.employees ; > out2.' at line 1"); 11667)
[2024-01-29T03:03:20.945+0530] {local_task_job_runner.py:234} INFO - Task exited with return code 1
[2024-01-29T03:03:20.969+0530] {taskinstance.py:3280} INFO - 0 downstream tasks scheduled from follow-on schedule check
[2024-01-29T03:07:17.283+0530] {taskinstance.py:1956} INFO - Dependencies all met for dep_context=non-requeueable deps ti=<TaskInstance: dag_exec_scripts_demo.load_data_task scheduled__2024-01-27T00:00:00+00:00 [queued]>
[2024-01-29T03:07:17.290+0530] {taskinstance.py:1956} INFO - Dependencies all met for dep_context=requeueable deps ti=<TaskInstance: dag_exec_scripts_demo.load_data_task scheduled__2024-01-27T00:00:00+00:00 [queued]>
[2024-01-29T03:07:17.291+0530] {taskinstance.py:2170} INFO - Starting attempt 1 of 1
[2024-01-29T03:07:17.316+0530] {taskinstance.py:2191} INFO - Executing <Task(MySqlOperator): load_data_task> on 2024-01-27 00:00:00+00:00
[2024-01-29T03:07:17.318+0530] {standard_task_runner.py:60} INFO - Started process 11810 to run task
[2024-01-29T03:07:17.321+0530] {standard_task_runner.py:87} INFO - Running: ['airflow', 'tasks', 'run', 'dag_exec_scripts_demo', 'load_data_task', 'scheduled__2024-01-27T00:00:00+00:00', '--job-id', '341', '--raw', '--subdir', 'DAGS_FOLDER/6-create-dag-execute-scripts.py', '--cfg-path', '/tmp/tmpm53y356b']
[2024-01-29T03:07:17.323+0530] {standard_task_runner.py:88} INFO - Job 341: Subtask load_data_task
[2024-01-29T03:07:17.381+0530] {task_command.py:423} INFO - Running <TaskInstance: dag_exec_scripts_demo.load_data_task scheduled__2024-01-27T00:00:00+00:00 [running]> on host mh1.myguest.virtualbox.org
[2024-01-29T03:07:17.455+0530] {taskinstance.py:2480} INFO - Exporting env vars: AIRFLOW_CTX_DAG_OWNER='airflow' AIRFLOW_CTX_DAG_ID='dag_exec_scripts_demo' AIRFLOW_CTX_TASK_ID='load_data_task' AIRFLOW_CTX_EXECUTION_DATE='2024-01-27T00:00:00+00:00' AIRFLOW_CTX_TRY_NUMBER='1' AIRFLOW_CTX_DAG_RUN_ID='scheduled__2024-01-27T00:00:00+00:00'
[2024-01-29T03:07:17.455+0530] {sql.py:276} INFO - Executing: INSERT INTO airflownew.employees (`emp_id`,`first_name`,`last_name`, `hire_date`, `job_id`, `salary`, `commission_pct`, `manager_id`, `dept_id`) 
VALUES (100,"Steven","King",'1987-06-17',"AD_PRES",24000.00,0.00,0,90), (101,"Neena","Kochhar",'1987-06-18',"AD_VP",17000.00,0.00,100,90), (102,"Lex","DeHaan",'1987-06-19',"AD_VP",17000.00,0.00,100,90), (103,"Alexander","Hunold",'1987-06-20',"IT_PROG",9000.00,0.00,102,60), (104,"Bruce","Ernst",'1987-06-21',"IT_PROG",6000.00,0.00,103,60), (105,"David","Austin",'1987-06-22',"IT_PROG",4800.00,0.00,103,60), (106,"Valli","Pataballa",'1987-06-23',"IT_PROG",4800.00,0.00,103,60), (107,"Diana","Lorentz",'1987-06-24',"IT_PROG",4200.00,0.00,103,60), (108,"Nancy","Greenberg",'1987-06-25',"FI_MGR",12000.00,0.00,101,100), (109,"Daniel","Faviet",'1987-06-26',"FI_ACCOUNT",9000.00,0.00,108,100); 
SELECT DISTINCT (job_id) from airflownew.employees > out1.txt ;

SELECT COUNT( DISTINCT (job_id)) from airflownew.employees > out2.txt;
SELECT MAX(salary) from airflownew.employees > out3.txt ;
SELECT MIN(salary) from airflownew.employees > out4.txt;
[2024-01-29T03:07:17.461+0530] {base.py:83} INFO - Using connection ID 'airflow_db' for task execution.
[2024-01-29T03:07:17.492+0530] {base.py:83} INFO - Using connection ID 'airflow_db' for task execution.
[2024-01-29T03:07:17.504+0530] {sql.py:450} INFO - Running statement: INSERT INTO airflownew.employees (`emp_id`,`first_name`,`last_name`, `hire_date`, `job_id`, `salary`, `commission_pct`, `manager_id`, `dept_id`) 
VALUES (100,"Steven","King",'1987-06-17',"AD_PRES",24000.00,0.00,0,90), (101,"Neena","Kochhar",'1987-06-18',"AD_VP",17000.00,0.00,100,90), (102,"Lex","DeHaan",'1987-06-19',"AD_VP",17000.00,0.00,100,90), (103,"Alexander","Hunold",'1987-06-20',"IT_PROG",9000.00,0.00,102,60), (104,"Bruce","Ernst",'1987-06-21',"IT_PROG",6000.00,0.00,103,60), (105,"David","Austin",'1987-06-22',"IT_PROG",4800.00,0.00,103,60), (106,"Valli","Pataballa",'1987-06-23',"IT_PROG",4800.00,0.00,103,60), (107,"Diana","Lorentz",'1987-06-24',"IT_PROG",4200.00,0.00,103,60), (108,"Nancy","Greenberg",'1987-06-25',"FI_MGR",12000.00,0.00,101,100), (109,"Daniel","Faviet",'1987-06-26',"FI_ACCOUNT",9000.00,0.00,108,100); 
SELECT DISTINCT (job_id) from airflownew.employees > out1.txt ;

SELECT COUNT( DISTINCT (job_id)) from airflownew.employees > out2.txt;
SELECT MAX(salary) from airflownew.employees > out3.txt ;
SELECT MIN(salary) from airflownew.employees > out4.txt;, parameters: None
[2024-01-29T03:07:17.505+0530] {sql.py:459} INFO - Rows affected: 10
[2024-01-29T03:07:17.506+0530] {taskinstance.py:2698} ERROR - Task failed with exception
Traceback (most recent call last):
  File "/home/hdu/.local/lib/python3.8/site-packages/airflow/models/taskinstance.py", line 433, in _execute_task
    result = execute_callable(context=context, **execute_callable_kwargs)
  File "/home/hdu/.local/lib/python3.8/site-packages/airflow/providers/common/sql/operators/sql.py", line 282, in execute
    output = hook.run(
  File "/home/hdu/.local/lib/python3.8/site-packages/airflow/providers/common/sql/hooks/sql.py", line 407, in run
    self.descriptions.append(cur.description)
  File "/usr/lib/python3.8/contextlib.py", line 299, in __exit__
    self.thing.close()
  File "/usr/local/lib/python3.8/dist-packages/MySQLdb/cursors.py", line 103, in close
    self._discard()
  File "/usr/local/lib/python3.8/dist-packages/MySQLdb/cursors.py", line 95, in _discard
    while con.next_result() == 0:  # -1 means no more data.
MySQLdb.ProgrammingError: (1064, "You have an error in your SQL syntax; check the manual that corresponds to your MySQL server version for the right syntax to use near '> out1.txt ;\n\nSELECT COUNT( DISTINCT (job_id)) from airflownew.employees > out2.' at line 1")
[2024-01-29T03:07:17.514+0530] {taskinstance.py:1138} INFO - Marking task as FAILED. dag_id=dag_exec_scripts_demo, task_id=load_data_task, execution_date=20240127T000000, start_date=20240128T213717, end_date=20240128T213717
[2024-01-29T03:07:17.535+0530] {standard_task_runner.py:107} ERROR - Failed to execute job 341 for task load_data_task ((1064, "You have an error in your SQL syntax; check the manual that corresponds to your MySQL server version for the right syntax to use near '> out1.txt ;\n\nSELECT COUNT( DISTINCT (job_id)) from airflownew.employees > out2.' at line 1"); 11810)
[2024-01-29T03:07:17.580+0530] {local_task_job_runner.py:234} INFO - Task exited with return code 1
[2024-01-29T03:07:17.596+0530] {taskinstance.py:3280} INFO - 0 downstream tasks scheduled from follow-on schedule check
