[2024-01-29T03:54:50.836+0530] {taskinstance.py:1956} INFO - Dependencies all met for dep_context=non-requeueable deps ti=<TaskInstance: dag_exec_scripts_demo_v1.createtable_task manual__2024-01-28T22:24:41.342553+00:00 [queued]>
[2024-01-29T03:54:50.844+0530] {taskinstance.py:1956} INFO - Dependencies all met for dep_context=requeueable deps ti=<TaskInstance: dag_exec_scripts_demo_v1.createtable_task manual__2024-01-28T22:24:41.342553+00:00 [queued]>
[2024-01-29T03:54:50.850+0530] {taskinstance.py:2170} INFO - Starting attempt 1 of 1
[2024-01-29T03:54:50.891+0530] {taskinstance.py:2191} INFO - Executing <Task(MySqlOperator): createtable_task> on 2024-01-28 22:24:41.342553+00:00
[2024-01-29T03:54:50.894+0530] {standard_task_runner.py:60} INFO - Started process 13067 to run task
[2024-01-29T03:54:50.897+0530] {standard_task_runner.py:87} INFO - Running: ['airflow', 'tasks', 'run', 'dag_exec_scripts_demo_v1', 'createtable_task', 'manual__2024-01-28T22:24:41.342553+00:00', '--job-id', '346', '--raw', '--subdir', 'DAGS_FOLDER/6-create-dag-execute-scripts.py', '--cfg-path', '/tmp/tmpj7hek9e1']
[2024-01-29T03:54:50.898+0530] {standard_task_runner.py:88} INFO - Job 346: Subtask createtable_task
[2024-01-29T03:54:51.005+0530] {task_command.py:423} INFO - Running <TaskInstance: dag_exec_scripts_demo_v1.createtable_task manual__2024-01-28T22:24:41.342553+00:00 [running]> on host mh1.myguest.virtualbox.org
[2024-01-29T03:54:51.100+0530] {taskinstance.py:2480} INFO - Exporting env vars: AIRFLOW_CTX_DAG_OWNER='airflow' AIRFLOW_CTX_DAG_ID='dag_exec_scripts_demo_v1' AIRFLOW_CTX_TASK_ID='createtable_task' AIRFLOW_CTX_EXECUTION_DATE='2024-01-28T22:24:41.342553+00:00' AIRFLOW_CTX_TRY_NUMBER='1' AIRFLOW_CTX_DAG_RUN_ID='manual__2024-01-28T22:24:41.342553+00:00'
[2024-01-29T03:54:51.101+0530] {sql.py:276} INFO - Executing: create database if not exists airflow; 
use airflow;
create table if not exists airflow.employees 
( emp_id int auto_increment primary key, 
	first_name varchar(500) NOT null, 
	last_name varchar(500) NOT null, 
	hire_date date, 
	job_id varchar(225), 
	salary DECIMAL(7,2), 
	commission_pct DECIMAL(6,2), 
	manager_id int, dept_id int );
[2024-01-29T03:54:51.110+0530] {base.py:83} INFO - Using connection ID 'airflow_db' for task execution.
[2024-01-29T03:54:51.152+0530] {base.py:83} INFO - Using connection ID 'airflow_db' for task execution.
[2024-01-29T03:54:51.172+0530] {sql.py:450} INFO - Running statement: create database if not exists airflow; 
use airflow;
create table if not exists airflow.employees 
( emp_id int auto_increment primary key, 
	first_name varchar(500) NOT null, 
	last_name varchar(500) NOT null, 
	hire_date date, 
	job_id varchar(225), 
	salary DECIMAL(7,2), 
	commission_pct DECIMAL(6,2), 
	manager_id int, dept_id int );, parameters: None
[2024-01-29T03:54:51.177+0530] {sql.py:459} INFO - Rows affected: 1
[2024-01-29T03:54:51.187+0530] {taskinstance.py:1138} INFO - Marking task as SUCCESS. dag_id=dag_exec_scripts_demo_v1, task_id=createtable_task, execution_date=20240128T222441, start_date=20240128T222450, end_date=20240128T222451
[2024-01-29T03:54:51.239+0530] {local_task_job_runner.py:234} INFO - Task exited with return code 0
[2024-01-29T03:54:51.269+0530] {taskinstance.py:3280} INFO - 1 downstream tasks scheduled from follow-on schedule check
