[2024-01-29T03:57:35.822+0530] {taskinstance.py:1956} INFO - Dependencies all met for dep_context=non-requeueable deps ti=<TaskInstance: dag_exec_scripts_demo_v2.load_data_task scheduled__2024-01-27T00:00:00+00:00 [queued]>
[2024-01-29T03:57:35.829+0530] {taskinstance.py:1956} INFO - Dependencies all met for dep_context=requeueable deps ti=<TaskInstance: dag_exec_scripts_demo_v2.load_data_task scheduled__2024-01-27T00:00:00+00:00 [queued]>
[2024-01-29T03:57:35.830+0530] {taskinstance.py:2170} INFO - Starting attempt 1 of 1
[2024-01-29T03:57:35.861+0530] {taskinstance.py:2191} INFO - Executing <Task(MySqlOperator): load_data_task> on 2024-01-27 00:00:00+00:00
[2024-01-29T03:57:35.864+0530] {standard_task_runner.py:60} INFO - Started process 13148 to run task
[2024-01-29T03:57:35.868+0530] {standard_task_runner.py:87} INFO - Running: ['airflow', 'tasks', 'run', 'dag_exec_scripts_demo_v2', 'load_data_task', 'scheduled__2024-01-27T00:00:00+00:00', '--job-id', '347', '--raw', '--subdir', 'DAGS_FOLDER/6-create-dag-execute-scripts.py', '--cfg-path', '/tmp/tmpl4_ua7f0']
[2024-01-29T03:57:35.870+0530] {standard_task_runner.py:88} INFO - Job 347: Subtask load_data_task
[2024-01-29T03:57:35.916+0530] {task_command.py:423} INFO - Running <TaskInstance: dag_exec_scripts_demo_v2.load_data_task scheduled__2024-01-27T00:00:00+00:00 [running]> on host mh1.myguest.virtualbox.org
[2024-01-29T03:57:35.994+0530] {taskinstance.py:2480} INFO - Exporting env vars: AIRFLOW_CTX_DAG_OWNER='airflow' AIRFLOW_CTX_DAG_ID='dag_exec_scripts_demo_v2' AIRFLOW_CTX_TASK_ID='load_data_task' AIRFLOW_CTX_EXECUTION_DATE='2024-01-27T00:00:00+00:00' AIRFLOW_CTX_TRY_NUMBER='1' AIRFLOW_CTX_DAG_RUN_ID='scheduled__2024-01-27T00:00:00+00:00'
[2024-01-29T03:57:35.995+0530] {sql.py:276} INFO - Executing: INSERT INTO airflow.employees (`emp_id`,`first_name`,`last_name`, `hire_date`, `job_id`, `salary`, `commission_pct`, `manager_id`, `dept_id`) 
VALUES (100,"Steven","King",'1987-06-17',"AD_PRES",24000.00,0.00,0,90), 
(101,"Neena","Kochhar",'1987-06-18',"AD_VP",17000.00,0.00,100,90), 
(102,"Lex","DeHaan",'1987-06-19',"AD_VP",17000.00,0.00,100,90), 
(103,"Alexander","Hunold",'1987-06-20',"IT_PROG",9000.00,0.00,102,60), 
(104,"Bruce","Ernst",'1987-06-21',"IT_PROG",6000.00,0.00,103,60), 
(105,"David","Austin",'1987-06-22',"IT_PROG",4800.00,0.00,103,60), 
(106,"Valli","Pataballa",'1987-06-23',"IT_PROG",4800.00,0.00,103,60), 
(107,"Diana","Lorentz",'1987-06-24',"IT_PROG",4200.00,0.00,103,60), 
(108,"Nancy","Greenberg",'1987-06-25',"FI_MGR",12000.00,0.00,101,100), 
(109,"Daniel","Faviet",'1987-06-26',"FI_ACCOUNT",9000.00,0.00,108,100); 
#SELECT DISTINCT (job_id) from airflow.employees ;
#SELECT COUNT( DISTINCT (job_id)) from airflow.employees;
#SELECT MAX(salary) from airflow.employees;
#SELECT MIN(salary) from airflow.employees;
[2024-01-29T03:57:36.003+0530] {base.py:83} INFO - Using connection ID 'airflow_db' for task execution.
[2024-01-29T03:57:36.033+0530] {base.py:83} INFO - Using connection ID 'airflow_db' for task execution.
[2024-01-29T03:57:36.047+0530] {sql.py:450} INFO - Running statement: INSERT INTO airflow.employees (`emp_id`,`first_name`,`last_name`, `hire_date`, `job_id`, `salary`, `commission_pct`, `manager_id`, `dept_id`) 
VALUES (100,"Steven","King",'1987-06-17',"AD_PRES",24000.00,0.00,0,90), 
(101,"Neena","Kochhar",'1987-06-18',"AD_VP",17000.00,0.00,100,90), 
(102,"Lex","DeHaan",'1987-06-19',"AD_VP",17000.00,0.00,100,90), 
(103,"Alexander","Hunold",'1987-06-20',"IT_PROG",9000.00,0.00,102,60), 
(104,"Bruce","Ernst",'1987-06-21',"IT_PROG",6000.00,0.00,103,60), 
(105,"David","Austin",'1987-06-22',"IT_PROG",4800.00,0.00,103,60), 
(106,"Valli","Pataballa",'1987-06-23',"IT_PROG",4800.00,0.00,103,60), 
(107,"Diana","Lorentz",'1987-06-24',"IT_PROG",4200.00,0.00,103,60), 
(108,"Nancy","Greenberg",'1987-06-25',"FI_MGR",12000.00,0.00,101,100), 
(109,"Daniel","Faviet",'1987-06-26',"FI_ACCOUNT",9000.00,0.00,108,100); 
#SELECT DISTINCT (job_id) from airflow.employees ;
#SELECT COUNT( DISTINCT (job_id)) from airflow.employees;
#SELECT MAX(salary) from airflow.employees;
#SELECT MIN(salary) from airflow.employees;, parameters: None
[2024-01-29T03:57:36.048+0530] {sql.py:459} INFO - Rows affected: 10
[2024-01-29T03:57:36.061+0530] {taskinstance.py:1138} INFO - Marking task as SUCCESS. dag_id=dag_exec_scripts_demo_v2, task_id=load_data_task, execution_date=20240127T000000, start_date=20240128T222735, end_date=20240128T222736
[2024-01-29T03:57:36.093+0530] {local_task_job_runner.py:234} INFO - Task exited with return code 0
[2024-01-29T03:57:36.110+0530] {taskinstance.py:3280} INFO - 0 downstream tasks scheduled from follow-on schedule check
