[2024-01-29T02:41:49.955+0530] {taskinstance.py:1956} INFO - Dependencies all met for dep_context=non-requeueable deps ti=<TaskInstance: dag_exec_scripts_demo.createtable_task manual__2024-01-28T21:11:42.574782+00:00 [queued]>
[2024-01-29T02:41:49.962+0530] {taskinstance.py:1956} INFO - Dependencies all met for dep_context=requeueable deps ti=<TaskInstance: dag_exec_scripts_demo.createtable_task manual__2024-01-28T21:11:42.574782+00:00 [queued]>
[2024-01-29T02:41:49.963+0530] {taskinstance.py:2170} INFO - Starting attempt 1 of 1
[2024-01-29T02:41:49.996+0530] {taskinstance.py:2191} INFO - Executing <Task(MySqlOperator): createtable_task> on 2024-01-28 21:11:42.574782+00:00
[2024-01-29T02:41:50.003+0530] {standard_task_runner.py:60} INFO - Started process 11140 to run task
[2024-01-29T02:41:50.006+0530] {standard_task_runner.py:87} INFO - Running: ['airflow', 'tasks', 'run', 'dag_exec_scripts_demo', 'createtable_task', 'manual__2024-01-28T21:11:42.574782+00:00', '--job-id', '340', '--raw', '--subdir', 'DAGS_FOLDER/6-create-dag-execute-scripts.py', '--cfg-path', '/tmp/tmpb018gmno']
[2024-01-29T02:41:50.007+0530] {standard_task_runner.py:88} INFO - Job 340: Subtask createtable_task
[2024-01-29T02:41:50.054+0530] {task_command.py:423} INFO - Running <TaskInstance: dag_exec_scripts_demo.createtable_task manual__2024-01-28T21:11:42.574782+00:00 [running]> on host mh1.myguest.virtualbox.org
[2024-01-29T02:41:50.135+0530] {taskinstance.py:2480} INFO - Exporting env vars: AIRFLOW_CTX_DAG_OWNER='airflow' AIRFLOW_CTX_DAG_ID='dag_exec_scripts_demo' AIRFLOW_CTX_TASK_ID='createtable_task' AIRFLOW_CTX_EXECUTION_DATE='2024-01-28T21:11:42.574782+00:00' AIRFLOW_CTX_TRY_NUMBER='1' AIRFLOW_CTX_DAG_RUN_ID='manual__2024-01-28T21:11:42.574782+00:00'
[2024-01-29T02:41:50.136+0530] {sql.py:276} INFO - Executing: create database if not exists airflow-new; 
use airflow-new;
create table if not exists airflow-new.employees 
( emp_id int auto_increment primary key, 
	first_name varchar(500) NOT null, 
	last_name varchar(500) NOT null, 
	hire_date date, 
	job_id varchar(225), 
	salary DECIMAL(7,2), 
	commission_pct DECIMAL(6,2), 
	manager_id int, dept_id int );
[2024-01-29T02:41:50.142+0530] {base.py:83} INFO - Using connection ID 'airflow_db' for task execution.
[2024-01-29T02:41:50.182+0530] {base.py:83} INFO - Using connection ID 'airflow_db' for task execution.
[2024-01-29T02:41:50.199+0530] {sql.py:450} INFO - Running statement: create database if not exists airflow-new; 
use airflow-new;
create table if not exists airflow-new.employees 
( emp_id int auto_increment primary key, 
	first_name varchar(500) NOT null, 
	last_name varchar(500) NOT null, 
	hire_date date, 
	job_id varchar(225), 
	salary DECIMAL(7,2), 
	commission_pct DECIMAL(6,2), 
	manager_id int, dept_id int );, parameters: None
[2024-01-29T02:41:50.200+0530] {taskinstance.py:2698} ERROR - Task failed with exception
Traceback (most recent call last):
  File "/home/hdu/.local/lib/python3.8/site-packages/airflow/models/taskinstance.py", line 433, in _execute_task
    result = execute_callable(context=context, **execute_callable_kwargs)
  File "/home/hdu/.local/lib/python3.8/site-packages/airflow/providers/common/sql/operators/sql.py", line 282, in execute
    output = hook.run(
  File "/home/hdu/.local/lib/python3.8/site-packages/airflow/providers/common/sql/hooks/sql.py", line 398, in run
    self._run_command(cur, sql_statement, parameters)
  File "/home/hdu/.local/lib/python3.8/site-packages/airflow/providers/common/sql/hooks/sql.py", line 455, in _run_command
    cur.execute(sql_statement)
  File "/usr/local/lib/python3.8/dist-packages/MySQLdb/cursors.py", line 179, in execute
    res = self._query(mogrified_query)
  File "/usr/local/lib/python3.8/dist-packages/MySQLdb/cursors.py", line 330, in _query
    db.query(q)
  File "/usr/local/lib/python3.8/dist-packages/MySQLdb/connections.py", line 257, in query
    _mysql.connection.query(self, query)
MySQLdb.ProgrammingError: (1064, "You have an error in your SQL syntax; check the manual that corresponds to your MySQL server version for the right syntax to use near '-new; \nuse airflow-new;\ncreate table if not exists airflow-new.employees \n( emp_' at line 1")
[2024-01-29T02:41:50.205+0530] {taskinstance.py:1138} INFO - Marking task as FAILED. dag_id=dag_exec_scripts_demo, task_id=createtable_task, execution_date=20240128T211142, start_date=20240128T211149, end_date=20240128T211150
[2024-01-29T02:41:50.229+0530] {standard_task_runner.py:107} ERROR - Failed to execute job 340 for task createtable_task ((1064, "You have an error in your SQL syntax; check the manual that corresponds to your MySQL server version for the right syntax to use near '-new; \nuse airflow-new;\ncreate table if not exists airflow-new.employees \n( emp_' at line 1"); 11140)
[2024-01-29T02:41:50.267+0530] {local_task_job_runner.py:234} INFO - Task exited with return code 1
[2024-01-29T02:41:50.295+0530] {taskinstance.py:3280} INFO - 0 downstream tasks scheduled from follow-on schedule check
